1594768233803	mozrunner::runner	INFO	Running command: "C:\\Program Files\\Mozilla Firefox\\firefox.exe" "-marionette" "-foreground" "-no-remote" "-profile" "C:\\Users\\pedro\\AppData\\Local\\Temp\\rust_mozprofiledscKtM"
JavaScript error: resource://gre/modules/XULStore.jsm, line 66: Error: Can't find profile directory.
1594768240475	Marionette	INFO	Listening on port 56883
1594768240896	Marionette	WARN	TLS certificate errors will be ignored for this session
1594768252126	Marionette	INFO	Stopped listening on port 56883

###!!! [Child][RunMessage] Error: Channel closing: too late to send/recv, messages will be lost


###!!! [Child][MessageChannel::SendAndWait] Error: Channel error: cannot send/recv

1594768368841	mozrunner::runner	INFO	Running command: "C:\\Program Files\\Mozilla Firefox\\firefox.exe" "-marionette" "-foreground" "-no-remote" "-profile" "C:\\Users\\pedro\\AppData\\Local\\Temp\\rust_mozprofilembXz19"
JavaScript error: resource://gre/modules/XULStore.jsm, line 66: Error: Can't find profile directory.
1594768375299	Marionette	INFO	Listening on port 56961
1594768375802	Marionette	WARN	TLS certificate errors will be ignored for this session
1594768384491	Marionette	INFO	Stopped listening on port 56961

###!!! [Child][RunMessage] Error: Channel closing: too late to send/recv, messages will be lost


###!!! [Child][RunMessage] Error: Channel closing: too late to send/recv, messages will be lost


###!!! [Child][MessageChannel::SendAndWait] Error: Channel error: cannot send/recv

1594768627829	mozrunner::runner	INFO	Running command: "C:\\Program Files\\Mozilla Firefox\\firefox.exe" "-marionette" "-foreground" "-no-remote" "-profile" "C:\\Users\\pedro\\AppData\\Local\\Temp\\rust_mozprofile7SsBT1"
JavaScript error: resource://gre/modules/XULStore.jsm, line 66: Error: Can't find profile directory.
1594768633515	Marionette	INFO	Listening on port 57042
1594768634092	Marionette	WARN	TLS certificate errors will be ignored for this session
JavaScript error: https://www.betexplorer.com/soccer/england/premier-league/results/ line 697 > scriptElement, line 1: ReferenceError: $ is not defined
JavaScript error: https://www.betexplorer.com/soccer/england/premier-league/results/ line 697 > scriptElement, line 1: ReferenceError: $ is not defined
JavaScript error: https://www.betexplorer.com/soccer/england/premier-league/results/ line 697 > scriptElement, line 1: ReferenceError: $ is not defined
1594768645155	Marionette	INFO	Stopped listening on port 57042

###!!! [Child][MessageChannel::SendAndWait] Error: Channel error: cannot send/recv

1594768697100	mozrunner::runner	INFO	Running command: "C:\\Program Files\\Mozilla Firefox\\firefox.exe" "-marionette" "-foreground" "-no-remote" "-profile" "C:\\Users\\pedro\\AppData\\Local\\Temp\\rust_mozprofileyHJ3z9"
JavaScript error: resource://gre/modules/XULStore.jsm, line 66: Error: Can't find profile directory.
1594768704459	Marionette	INFO	Listening on port 57114
1594768704501	Marionette	WARN	TLS certificate errors will be ignored for this session
1594768712575	Marionette	INFO	Stopped listening on port 57114

###!!! [Child][MessageChannel::SendAndWait] Error: Channel error: cannot send/recv

1594768734784	mozrunner::runner	INFO	Running command: "C:\\Program Files\\Mozilla Firefox\\firefox.exe" "-marionette" "-foreground" "-no-remote" "-profile" "C:\\Users\\pedro\\AppData\\Local\\Temp\\rust_mozprofilelgZHoU"
JavaScript error: resource://gre/modules/XULStore.jsm, line 66: Error: Can't find profile directory.
1594768741043	Marionette	INFO	Listening on port 57187
1594768741228	Marionette	WARN	TLS certificate errors will be ignored for this session
1594768750086	Marionette	INFO	Stopped listening on port 57187

###!!! [Child][MessageChannel::SendAndWait] Error: Channel error: cannot send/recv

1594769076511	mozrunner::runner	INFO	Running command: "C:\\Program Files\\Mozilla Firefox\\firefox.exe" "-marionette" "-foreground" "-no-remote" "-profile" "C:\\Users\\pedro\\AppData\\Local\\Temp\\rust_mozprofileN2lkKt"
JavaScript error: resource://gre/modules/XULStore.jsm, line 66: Error: Can't find profile directory.
1594769083248	Marionette	INFO	Listening on port 57268
1594769083590	Marionette	WARN	TLS certificate errors will be ignored for this session
1594769095047	Marionette	INFO	Stopped listening on port 57268

###!!! [Child][RunMessage] Error: Channel closing: too late to send/recv, messages will be lost


###!!! [Child][MessageChannel::SendAndWait] Error: Channel error: cannot send/recv

1594769331119	mozrunner::runner	INFO	Running command: "C:\\Program Files\\Mozilla Firefox\\firefox.exe" "-marionette" "-foreground" "-no-remote" "-profile" "C:\\Users\\pedro\\AppData\\Local\\Temp\\rust_mozprofiletnqyid"
JavaScript error: resource://gre/modules/XULStore.jsm, line 66: Error: Can't find profile directory.
1594769338597	Marionette	INFO	Listening on port 57354
1594769339100	Marionette	WARN	TLS certificate errors will be ignored for this session
1594769350037	Marionette	INFO	Stopped listening on port 57354

###!!! [Child][RunMessage] Error: Channel closing: too late to send/recv, messages will be lost


###!!! [Child][MessageChannel::SendAndWait] Error: Channel error: cannot send/recv

1594769381468	mozrunner::runner	INFO	Running command: "C:\\Program Files\\Mozilla Firefox\\firefox.exe" "-marionette" "-foreground" "-no-remote" "-profile" "C:\\Users\\pedro\\AppData\\Local\\Temp\\rust_mozprofileF5u3JL"
JavaScript error: resource://gre/modules/XULStore.jsm, line 66: Error: Can't find profile directory.
1594769390075	Marionette	INFO	Listening on port 57433
1594769390402	Marionette	WARN	TLS certificate errors will be ignored for this session
1594769399303	Marionette	INFO	Stopped listening on port 57433

###!!! [Child][RunMessage] Error: Channel closing: too late to send/recv, messages will be lost


###!!! [Child][MessageChannel::SendAndWait] Error: Channel error: cannot send/recv

1594769669746	mozrunner::runner	INFO	Running command: "C:\\Program Files\\Mozilla Firefox\\firefox.exe" "-marionette" "-foreground" "-no-remote" "-profile" "C:\\Users\\pedro\\AppData\\Local\\Temp\\rust_mozprofile4D8S9m"
JavaScript error: resource://gre/modules/XULStore.jsm, line 66: Error: Can't find profile directory.
1594769675241	Marionette	INFO	Listening on port 57523
1594769675535	Marionette	WARN	TLS certificate errors will be ignored for this session
JavaScript error: https://www.betexplorer.com/soccer/portugal/primeira-liga/results/ line 697 > scriptElement, line 1: ReferenceError: $ is not defined
JavaScript error: https://www.betexplorer.com/soccer/portugal/primeira-liga/results/ line 697 > scriptElement, line 1: ReferenceError: $ is not defined
JavaScript error: https://www.betexplorer.com/soccer/portugal/primeira-liga/results/ line 697 > scriptElement, line 1: ReferenceError: $ is not defined
1594769686268	Marionette	INFO	Stopped listening on port 57523

###!!! [Child][RunMessage] Error: Channel closing: too late to send/recv, messages will be lost


###!!! [Child][MessageChannel::SendAndWait] Error: Channel error: cannot send/recv

1594769747900	mozrunner::runner	INFO	Running command: "C:\\Program Files\\Mozilla Firefox\\firefox.exe" "-marionette" "-foreground" "-no-remote" "-profile" "C:\\Users\\pedro\\AppData\\Local\\Temp\\rust_mozprofilewmqUyG"
JavaScript error: resource://gre/modules/XULStore.jsm, line 66: Error: Can't find profile directory.
1594769753485	Marionette	INFO	Listening on port 57598
1594769754034	Marionette	WARN	TLS certificate errors will be ignored for this session
1594769761552	Marionette	INFO	Stopped listening on port 57598

###!!! [Child][RunMessage] Error: Channel closing: too late to send/recv, messages will be lost

[Parent 69844, Gecko_IOThread] WARNING: pipe error: 232: file /builds/worker/checkouts/gecko/ipc/chromium/src/chrome/common/ipc_channel_win.cc, line 522

###!!! [Child][MessageChannel::SendAndWait] Error: Channel error: cannot send/recv

1594770174890	mozrunner::runner	INFO	Running command: "C:\\Program Files\\Mozilla Firefox\\firefox.exe" "-marionette" "-foreground" "-no-remote" "-profile" "C:\\Users\\pedro\\AppData\\Local\\Temp\\rust_mozprofile1lhA04"
JavaScript error: resource://gre/modules/XULStore.jsm, line 66: Error: Can't find profile directory.
1594770183533	Marionette	INFO	Listening on port 57688
1594770184106	Marionette	WARN	TLS certificate errors will be ignored for this session
1594770196714	Marionette	INFO	Stopped listening on port 57688

###!!! [Child][RunMessage] Error: Channel closing: too late to send/recv, messages will be lost


###!!! [Child][MessageChannel::SendAndWait] Error: Channel error: cannot send/recv

1594770280782	mozrunner::runner	INFO	Running command: "C:\\Program Files\\Mozilla Firefox\\firefox.exe" "-marionette" "-foreground" "-no-remote" "-profile" "C:\\Users\\pedro\\AppData\\Local\\Temp\\rust_mozprofileNdXncl"
JavaScript error: resource://gre/modules/XULStore.jsm, line 66: Error: Can't find profile directory.
1594770289089	Marionette	INFO	Listening on port 57765
1594770289417	Marionette	WARN	TLS certificate errors will be ignored for this session
1594770323176	Marionette	INFO	Stopped listening on port 57765

###!!! [Child][MessageChannel::SendAndWait] Error: Channel error: cannot send/recv

1594770330023	mozrunner::runner	INFO	Running command: "C:\\Program Files\\Mozilla Firefox\\firefox.exe" "-marionette" "-foreground" "-no-remote" "-profile" "C:\\Users\\pedro\\AppData\\Local\\Temp\\rust_mozprofileChX1kx"
JavaScript error: resource://gre/modules/XULStore.jsm, line 66: Error: Can't find profile directory.
1594770338582	Marionette	INFO	Listening on port 57814
1594770338749	Marionette	WARN	TLS certificate errors will be ignored for this session
1594770350397	Marionette	INFO	Stopped listening on port 57814

###!!! [Child][RunMessage] Error: Channel closing: too late to send/recv, messages will be lost


###!!! [Child][RunMessage] Error: Channel closing: too late to send/recv, messages will be lost


###!!! [Child][RunMessage] Error: Channel closing: too late to send/recv, messages will be lost


###!!! [Child][MessageChannel::SendAndWait] Error: Channel error: cannot send/recv

1594770690036	mozrunner::runner	INFO	Running command: "C:\\Program Files\\Mozilla Firefox\\firefox.exe" "-marionette" "-foreground" "-no-remote" "-profile" "C:\\Users\\pedro\\AppData\\Local\\Temp\\rust_mozprofileISb8af"
JavaScript error: resource://gre/modules/XULStore.jsm, line 66: Error: Can't find profile directory.
1594770698600	Marionette	INFO	Listening on port 57902
1594770699106	Marionette	WARN	TLS certificate errors will be ignored for this session
1594770708504	Marionette	INFO	Stopped listening on port 57902

###!!! [Child][MessageChannel::SendAndWait] Error: Channel error: cannot send/recv

A content process crashed and MOZ_CRASHREPORTER_SHUTDOWN is set, shutting down
1594770771891	mozrunner::runner	INFO	Running command: "C:\\Program Files\\Mozilla Firefox\\firefox.exe" "-marionette" "-foreground" "-no-remote" "-profile" "C:\\Users\\pedro\\AppData\\Local\\Temp\\rust_mozprofileWCcDvg"
JavaScript error: resource://gre/modules/XULStore.jsm, line 66: Error: Can't find profile directory.
1594770777195	Marionette	INFO	Listening on port 57998
1594770777416	Marionette	WARN	TLS certificate errors will be ignored for this session
1594770787350	Marionette	INFO	Stopped listening on port 57998

###!!! [Child][RunMessage] Error: Channel closing: too late to send/recv, messages will be lost


###!!! [Child][MessageChannel::SendAndWait] Error: Channel error: cannot send/recv

1594771014443	mozrunner::runner	INFO	Running command: "C:\\Program Files\\Mozilla Firefox\\firefox.exe" "-marionette" "-foreground" "-no-remote" "-profile" "C:\\Users\\pedro\\AppData\\Local\\Temp\\rust_mozprofileUHrR6N"
JavaScript error: resource://gre/modules/XULStore.jsm, line 66: Error: Can't find profile directory.
1594771021843	Marionette	INFO	Listening on port 58078
1594771022190	Marionette	WARN	TLS certificate errors will be ignored for this session
JavaScript error: https://www.betexplorer.com/soccer/portugal/primeira-liga/results/ line 697 > scriptElement, line 1: ReferenceError: $ is not defined
JavaScript error: https://www.betexplorer.com/soccer/portugal/primeira-liga/results/ line 697 > scriptElement, line 1: ReferenceError: $ is not defined
JavaScript error: https://www.betexplorer.com/soccer/portugal/primeira-liga/results/ line 697 > scriptElement, line 1: ReferenceError: $ is not defined
1594771034456	Marionette	INFO	Stopped listening on port 58078

###!!! [Child][RunMessage] Error: Channel closing: too late to send/recv, messages will be lost


###!!! [Child][MessageChannel::SendAndWait] Error: Channel error: cannot send/recv

1594771334998	mozrunner::runner	INFO	Running command: "C:\\Program Files\\Mozilla Firefox\\firefox.exe" "-marionette" "-foreground" "-no-remote" "-profile" "C:\\Users\\pedro\\AppData\\Local\\Temp\\rust_mozprofileDU0yql"
JavaScript error: resource://gre/modules/XULStore.jsm, line 66: Error: Can't find profile directory.
1594771340768	Marionette	INFO	Listening on port 58165
1594771341312	Marionette	WARN	TLS certificate errors will be ignored for this session
1594771348241	Marionette	INFO	Stopped listening on port 58165

###!!! [Child][RunMessage] Error: Channel closing: too late to send/recv, messages will be lost


###!!! [Child][MessageChannel::SendAndWait] Error: Channel error: cannot send/recv

1594771470620	mozrunner::runner	INFO	Running command: "C:\\Program Files\\Mozilla Firefox\\firefox.exe" "-marionette" "-foreground" "-no-remote" "-profile" "C:\\Users\\pedro\\AppData\\Local\\Temp\\rust_mozprofile748uK3"
JavaScript error: resource://gre/modules/XULStore.jsm, line 66: Error: Can't find profile directory.
1594771479074	Marionette	INFO	Listening on port 58305
1594771479179	Marionette	WARN	TLS certificate errors will be ignored for this session
JavaScript error: https://www.betexplorer.com/soccer/portugal/primeira-liga/results/ line 697 > scriptElement, line 1: ReferenceError: $ is not defined
JavaScript error: https://www.betexplorer.com/soccer/portugal/primeira-liga/results/ line 697 > scriptElement, line 1: ReferenceError: $ is not defined
JavaScript error: https://www.betexplorer.com/soccer/portugal/primeira-liga/results/ line 697 > scriptElement, line 1: ReferenceError: $ is not defined
1594771490299	Marionette	INFO	Stopped listening on port 58305

###!!! [Child][RunMessage] Error: Channel closing: too late to send/recv, messages will be lost


###!!! [Child][RunMessage] Error: Channel closing: too late to send/recv, messages will be lost


###!!! [Child][RunMessage] Error: Channel closing: too late to send/recv, messages will be lost


###!!! [Child][MessageChannel::SendAndWait] Error: Channel error: cannot send/recv

1594771568822	mozrunner::runner	INFO	Running command: "C:\\Program Files\\Mozilla Firefox\\firefox.exe" "-marionette" "-foreground" "-no-remote" "-profile" "C:\\Users\\pedro\\AppData\\Local\\Temp\\rust_mozprofileZep214"
JavaScript error: resource://gre/modules/XULStore.jsm, line 66: Error: Can't find profile directory.
1594771577329	Marionette	INFO	Listening on port 58380
1594771577448	Marionette	WARN	TLS certificate errors will be ignored for this session
1594771589534	Marionette	INFO	Stopped listening on port 58380

###!!! [Child][MessageChannel::SendAndWait] Error: Channel error: cannot send/recv

1594771864222	mozrunner::runner	INFO	Running command: "C:\\Program Files\\Mozilla Firefox\\firefox.exe" "-marionette" "-foreground" "-no-remote" "-profile" "C:\\Users\\pedro\\AppData\\Local\\Temp\\rust_mozprofilezoY72m"
JavaScript error: resource://gre/modules/XULStore.jsm, line 66: Error: Can't find profile directory.
1594771872536	Marionette	INFO	Listening on port 58449
1594771872654	Marionette	WARN	TLS certificate errors will be ignored for this session
1594771883458	Marionette	INFO	Stopped listening on port 58449

###!!! [Child][RunMessage] Error: Channel closing: too late to send/recv, messages will be lost


###!!! [Child][MessageChannel::SendAndWait] Error: Channel error: cannot send/recv

1594771925691	mozrunner::runner	INFO	Running command: "C:\\Program Files\\Mozilla Firefox\\firefox.exe" "-marionette" "-foreground" "-no-remote" "-profile" "C:\\Users\\pedro\\AppData\\Local\\Temp\\rust_mozprofileTuMty8"
JavaScript error: resource://gre/modules/XULStore.jsm, line 66: Error: Can't find profile directory.
1594771933913	Marionette	INFO	Listening on port 58525
1594771934149	Marionette	WARN	TLS certificate errors will be ignored for this session
1594771944933	Marionette	INFO	Stopped listening on port 58525

###!!! [Child][RunMessage] Error: Channel closing: too late to send/recv, messages will be lost


###!!! [Child][MessageChannel::SendAndWait] Error: Channel error: cannot send/recv

1594771982811	mozrunner::runner	INFO	Running command: "C:\\Program Files\\Mozilla Firefox\\firefox.exe" "-marionette" "-foreground" "-no-remote" "-profile" "C:\\Users\\pedro\\AppData\\Local\\Temp\\rust_mozprofilee2z9Kt"
JavaScript error: resource://gre/modules/XULStore.jsm, line 66: Error: Can't find profile directory.
1594771991401	Marionette	INFO	Listening on port 58603
1594771991534	Marionette	WARN	TLS certificate errors will be ignored for this session
1594772004240	Marionette	INFO	Stopped listening on port 58603

###!!! [Child][RunMessage] Error: Channel closing: too late to send/recv, messages will be lost


###!!! [Child][MessageChannel::SendAndWait] Error: Channel error: cannot send/recv

1594863771401	mozrunner::runner	INFO	Running command: "C:\\Program Files\\Mozilla Firefox\\firefox.exe" "-marionette" "-foreground" "-no-remote" "-profile" "C:\\Users\\pedro\\AppData\\Local\\Temp\\rust_mozprofileWU7AJH"
JavaScript error: resource://gre/modules/XULStore.jsm, line 66: Error: Can't find profile directory.
1594863775489	Marionette	INFO	Listening on port 54256
1594863775552	Marionette	WARN	TLS certificate errors will be ignored for this session
1594863784655	Marionette	INFO	Stopped listening on port 54256

###!!! [Child][RunMessage] Error: Channel closing: too late to send/recv, messages will be lost

[Parent 146704, Gecko_IOThread] WARNING: pipe error: 232: file /builds/worker/checkouts/gecko/ipc/chromium/src/chrome/common/ipc_channel_win.cc, line 522
1594865253986	mozrunner::runner	INFO	Running command: "C:\\Program Files\\Mozilla Firefox\\firefox.exe" "-marionette" "-foreground" "-no-remote" "-profile" "C:\\Users\\pedro\\AppData\\Local\\Temp\\rust_mozprofileABLHwn"
JavaScript error: resource://gre/modules/XULStore.jsm, line 66: Error: Can't find profile directory.
1594865256579	Marionette	INFO	Listening on port 54440
1594865256608	Marionette	WARN	TLS certificate errors will be ignored for this session
JavaScript error: https://www.betexplorer.com/soccer/russia/premier-league/ line 697 > scriptElement, line 1: ReferenceError: $ is not defined
JavaScript error: https://www.betexplorer.com/soccer/russia/premier-league/ line 697 > scriptElement, line 1: ReferenceError: $ is not defined
JavaScript error: https://www.betexplorer.com/soccer/russia/premier-league/ line 697 > scriptElement, line 1: ReferenceError: $ is not defined
1594865265177	Marionette	INFO	Stopped listening on port 54440

###!!! [Child][RunMessage] Error: Channel closing: too late to send/recv, messages will be lost

1594865827741	mozrunner::runner	INFO	Running command: "C:\\Program Files\\Mozilla Firefox\\firefox.exe" "-marionette" "-foreground" "-no-remote" "-profile" "C:\\Users\\pedro\\AppData\\Local\\Temp\\rust_mozprofiletOBz7M"
JavaScript error: resource://gre/modules/XULStore.jsm, line 66: Error: Can't find profile directory.
1594865830472	Marionette	INFO	Listening on port 54611
1594865830861	Marionette	WARN	TLS certificate errors will be ignored for this session
1594865839275	Marionette	INFO	Stopped listening on port 54611

###!!! [Child][RunMessage] Error: Channel closing: too late to send/recv, messages will be lost

1594866093128	mozrunner::runner	INFO	Running command: "C:\\Program Files\\Mozilla Firefox\\firefox.exe" "-marionette" "-foreground" "-no-remote" "-profile" "C:\\Users\\pedro\\AppData\\Local\\Temp\\rust_mozprofileAT4Wyx"
JavaScript error: resource://gre/modules/XULStore.jsm, line 66: Error: Can't find profile directory.
1594866095496	Marionette	INFO	Listening on port 54697
1594866095743	Marionette	WARN	TLS certificate errors will be ignored for this session
JavaScript error: https://www.betexplorer.com/soccer/south-korea/k-league-1/ line 697 > scriptElement, line 1: ReferenceError: $ is not defined
JavaScript error: https://www.betexplorer.com/soccer/south-korea/k-league-1/ line 697 > scriptElement, line 1: ReferenceError: $ is not defined
JavaScript error: https://www.betexplorer.com/soccer/south-korea/k-league-1/ line 697 > scriptElement, line 1: ReferenceError: $ is not defined
1594866105601	Marionette	INFO	Stopped listening on port 54697

###!!! [Child][MessageChannel::SendAndWait] Error: Channel error: cannot send/recv

1594866585978	mozrunner::runner	INFO	Running command: "C:\\Program Files\\Mozilla Firefox\\firefox.exe" "-marionette" "-foreground" "-no-remote" "-profile" "C:\\Users\\pedro\\AppData\\Local\\Temp\\rust_mozprofileA2TnKq"
JavaScript error: resource://gre/modules/XULStore.jsm, line 66: Error: Can't find profile directory.
1594866588687	Marionette	INFO	Listening on port 54793
1594866589094	Marionette	WARN	TLS certificate errors will be ignored for this session
1594866597329	Marionette	INFO	Stopped listening on port 54793

###!!! [Child][RunMessage] Error: Channel closing: too late to send/recv, messages will be lost


###!!! [Child][MessageChannel::SendAndWait] Error: Channel error: cannot send/recv

1594866727091	mozrunner::runner	INFO	Running command: "C:\\Program Files\\Mozilla Firefox\\firefox.exe" "-marionette" "-foreground" "-no-remote" "-profile" "C:\\Users\\pedro\\AppData\\Local\\Temp\\rust_mozprofilefSsb2c"
JavaScript error: resource://gre/modules/XULStore.jsm, line 66: Error: Can't find profile directory.
1594866729897	Marionette	INFO	Listening on port 54880
1594866730212	Marionette	WARN	TLS certificate errors will be ignored for this session
1594866738520	Marionette	INFO	Stopped listening on port 54880

###!!! [Child][RunMessage] Error: Channel closing: too late to send/recv, messages will be lost

[Parent 88544, Gecko_IOThread] WARNING: pipe error: 232: file /builds/worker/checkouts/gecko/ipc/chromium/src/chrome/common/ipc_channel_win.cc, line 522
1594939288441	mozrunner::runner	INFO	Running command: "C:\\Program Files\\Mozilla Firefox\\firefox.exe" "-marionette" "-foreground" "-no-remote" "-profile" "C:\\Users\\pedro\\AppData\\Local\\Temp\\rust_mozprofileome5cR"
JavaScript error: resource://gre/modules/XULStore.jsm, line 66: Error: Can't find profile directory.
[Parent 3676, Gecko_IOThread] WARNING: file /builds/worker/checkouts/gecko/ipc/chromium/src/base/process_util_win.cc, line 166
1594939293041	Marionette	INFO	Listening on port 53555
1594939293203	Marionette	WARN	TLS certificate errors will be ignored for this session
JavaScript error: https://www.betexplorer.com/soccer/iceland/pepsideild/ line 697 > scriptElement, line 1: ReferenceError: $ is not defined
JavaScript error: https://www.betexplorer.com/soccer/iceland/pepsideild/ line 697 > scriptElement, line 1: ReferenceError: $ is not defined
JavaScript error: https://www.betexplorer.com/soccer/iceland/pepsideild/ line 697 > scriptElement, line 1: ReferenceError: $ is not defined
1594939302948	Marionette	INFO	Stopped listening on port 53555

###!!! [Child][RunMessage] Error: Channel closing: too late to send/recv, messages will be lost


###!!! [Child][MessageChannel::SendAndWait] Error: Channel error: cannot send/recv

1594939789474	mozrunner::runner	INFO	Running command: "C:\\Program Files\\Mozilla Firefox\\firefox.exe" "-marionette" "-foreground" "-no-remote" "-profile" "C:\\Users\\pedro\\AppData\\Local\\Temp\\rust_mozprofilejQ7i8z"
JavaScript error: resource://gre/modules/XULStore.jsm, line 66: Error: Can't find profile directory.
1594939792379	Marionette	INFO	Listening on port 53655
1594939792594	Marionette	WARN	TLS certificate errors will be ignored for this session
JavaScript error: https://www.betexplorer.com/soccer/croatia/1-hnl/ line 697 > scriptElement, line 1: ReferenceError: $ is not defined
JavaScript error: https://www.betexplorer.com/soccer/croatia/1-hnl/ line 697 > scriptElement, line 1: ReferenceError: $ is not defined
JavaScript error: https://www.betexplorer.com/soccer/croatia/1-hnl/ line 697 > scriptElement, line 1: ReferenceError: $ is not defined
1594939803245	Marionette	INFO	Stopped listening on port 53655

###!!! [Child][RunMessage] Error: Channel closing: too late to send/recv, messages will be lost

[Parent 4916, Gecko_IOThread] WARNING: pipe error: 232: file /builds/worker/checkouts/gecko/ipc/chromium/src/chrome/common/ipc_channel_win.cc, line 522
1594939966596	mozrunner::runner	INFO	Running command: "C:\\Program Files\\Mozilla Firefox\\firefox.exe" "-marionette" "-foreground" "-no-remote" "-profile" "C:\\Users\\pedro\\AppData\\Local\\Temp\\rust_mozprofileg90E2G"
JavaScript error: resource://gre/modules/XULStore.jsm, line 66: Error: Can't find profile directory.
1594939969457	Marionette	INFO	Listening on port 53732
1594939969714	Marionette	WARN	TLS certificate errors will be ignored for this session
1594939978512	Marionette	INFO	Stopped listening on port 53732

###!!! [Child][RunMessage] Error: Channel closing: too late to send/recv, messages will be lost

1594940064915	mozrunner::runner	INFO	Running command: "C:\\Program Files\\Mozilla Firefox\\firefox.exe" "-marionette" "-foreground" "-no-remote" "-profile" "C:\\Users\\pedro\\AppData\\Local\\Temp\\rust_mozprofilepaKkCr"
JavaScript error: resource://gre/modules/XULStore.jsm, line 66: Error: Can't find profile directory.
1594940067549	Marionette	INFO	Listening on port 53814
1594940068037	Marionette	WARN	TLS certificate errors will be ignored for this session
1594940076621	Marionette	INFO	Stopped listening on port 53814

###!!! [Child][RunMessage] Error: Channel closing: too late to send/recv, messages will be lost

[Parent 11020, Gecko_IOThread] WARNING: pipe error: 232: file /builds/worker/checkouts/gecko/ipc/chromium/src/chrome/common/ipc_channel_win.cc, line 522
1594940292800	mozrunner::runner	INFO	Running command: "C:\\Program Files\\Mozilla Firefox\\firefox.exe" "-marionette" "-foreground" "-no-remote" "-profile" "C:\\Users\\pedro\\AppData\\Local\\Temp\\rust_mozprofileWW7mKu"
JavaScript error: resource://gre/modules/XULStore.jsm, line 66: Error: Can't find profile directory.
1594940295609	Marionette	INFO	Listening on port 53898
1594940295922	Marionette	WARN	TLS certificate errors will be ignored for this session
1594940304086	Marionette	INFO	Stopped listening on port 53898

###!!! [Child][RunMessage] Error: Channel closing: too late to send/recv, messages will be lost

[Parent 11456, Gecko_IOThread] WARNING: pipe error: 232: file /builds/worker/checkouts/gecko/ipc/chromium/src/chrome/common/ipc_channel_win.cc, line 522
1594940598501	mozrunner::runner	INFO	Running command: "C:\\Program Files\\Mozilla Firefox\\firefox.exe" "-marionette" "-foreground" "-no-remote" "-profile" "C:\\Users\\pedro\\AppData\\Local\\Temp\\rust_mozprofile1DyHy1"
JavaScript error: resource://gre/modules/XULStore.jsm, line 66: Error: Can't find profile directory.
1594940601326	Marionette	INFO	Listening on port 53983
1594940601621	Marionette	WARN	TLS certificate errors will be ignored for this session
1594940609838	Marionette	INFO	Stopped listening on port 53983

###!!! [Child][RunMessage] Error: Channel closing: too late to send/recv, messages will be lost

