1593327225793	mozrunner::runner	INFO	Running command: "C:\\Program Files\\Mozilla Firefox\\firefox.exe" "-marionette" "-foreground" "-no-remote" "-profile" "C:\\Users\\pedro\\AppData\\Local\\Temp\\rust_mozprofilemVY10K"
JavaScript error: resource://gre/modules/XULStore.jsm, line 66: Error: Can't find profile directory.
1593327228532	Marionette	INFO	Listening on port 62003
1593327228910	Marionette	WARN	TLS certificate errors will be ignored for this session
JavaScript error: https://www.betexplorer.com/soccer/england/premier-league/ line 692 > scriptElement, line 1: ReferenceError: $ is not defined
JavaScript error: https://www.betexplorer.com/soccer/england/premier-league/ line 692 > scriptElement, line 1: ReferenceError: $ is not defined
JavaScript error: https://www.betexplorer.com/soccer/england/premier-league/ line 692 > scriptElement, line 1: ReferenceError: $ is not defined
JavaScript error: https://www.betexplorer.com/soccer/england/premier-league/crystal-palace-burnley/fkjqHhAm/ line 692 > scriptElement, line 1: ReferenceError: $ is not defined
JavaScript error: https://www.betexplorer.com/soccer/england/premier-league/crystal-palace-burnley/fkjqHhAm/ line 692 > scriptElement, line 1: ReferenceError: $ is not defined
JavaScript error: https://www.betexplorer.com/soccer/england/premier-league/crystal-palace-burnley/fkjqHhAm/ line 692 > scriptElement, line 1: ReferenceError: $ is not defined
JavaScript error: https://www.betexplorer.com/soccer/england/premier-league/bournemouth-newcastle-utd/Kz0YbBfJ/ line 692 > scriptElement, line 1: ReferenceError: $ is not defined
JavaScript error: https://www.betexplorer.com/soccer/england/premier-league/bournemouth-newcastle-utd/Kz0YbBfJ/ line 692 > scriptElement, line 1: ReferenceError: $ is not defined
JavaScript error: https://www.betexplorer.com/soccer/england/premier-league/bournemouth-newcastle-utd/Kz0YbBfJ/ line 692 > scriptElement, line 1: ReferenceError: $ is not defined
JavaScript error: https://www.betexplorer.com/soccer/england/premier-league/arsenal-norwich/YwlGNfXJ/ line 692 > scriptElement, line 1: ReferenceError: $ is not defined
JavaScript error: https://www.betexplorer.com/soccer/england/premier-league/arsenal-norwich/YwlGNfXJ/ line 692 > scriptElement, line 1: ReferenceError: $ is not defined
JavaScript error: https://www.betexplorer.com/soccer/england/premier-league/arsenal-norwich/YwlGNfXJ/ line 692 > scriptElement, line 1: ReferenceError: $ is not defined
JavaScript error: https://www.betexplorer.com/soccer/england/premier-league/ line 692 > scriptElement, line 1: ReferenceError: $ is not defined
JavaScript error: https://www.betexplorer.com/soccer/england/premier-league/ line 692 > scriptElement, line 1: ReferenceError: $ is not defined
JavaScript error: https://www.betexplorer.com/soccer/england/premier-league/ line 692 > scriptElement, line 1: ReferenceError: $ is not defined
JavaScript error: https://www.betexplorer.com/soccer/england/premier-league/west-ham-chelsea/h4n4CUOI/ line 692 > scriptElement, line 1: ReferenceError: $ is not defined
JavaScript error: https://www.betexplorer.com/soccer/england/premier-league/west-ham-chelsea/h4n4CUOI/ line 692 > scriptElement, line 1: ReferenceError: $ is not defined
JavaScript error: https://www.betexplorer.com/soccer/england/premier-league/west-ham-chelsea/h4n4CUOI/ line 692 > scriptElement, line 1: ReferenceError: $ is not defined
JavaScript error: https://www.betexplorer.com/soccer/england/premier-league/ line 692 > scriptElement, line 1: ReferenceError: $ is not defined
JavaScript error: https://www.betexplorer.com/soccer/england/premier-league/ line 692 > scriptElement, line 1: ReferenceError: $ is not defined
JavaScript error: https://www.betexplorer.com/soccer/england/premier-league/ line 692 > scriptElement, line 1: ReferenceError: $ is not defined
JavaScript error: https://www.betexplorer.com/soccer/england/premier-league/ line 692 > scriptElement, line 1: ReferenceError: $ is not defined
JavaScript error: https://www.betexplorer.com/soccer/england/premier-league/ line 692 > scriptElement, line 1: ReferenceError: $ is not defined
JavaScript error: https://www.betexplorer.com/soccer/england/premier-league/ line 692 > scriptElement, line 1: ReferenceError: $ is not defined
1593327366990	Marionette	INFO	Stopped listening on port 62003

###!!! [Child][RunMessage] Error: Channel closing: too late to send/recv, messages will be lost

[Parent 12720, Gecko_IOThread] WARNING: pipe error: 232: file /builds/worker/checkouts/gecko/ipc/chromium/src/chrome/common/ipc_channel_win.cc, line 522

###!!! [Child][MessageChannel::SendAndWait] Error: Channel error: cannot send/recv

1593327391183	mozrunner::runner	INFO	Running command: "C:\\Program Files\\Mozilla Firefox\\firefox.exe" "-marionette" "-foreground" "-no-remote" "-profile" "C:\\Users\\pedro\\AppData\\Local\\Temp\\rust_mozprofiler1j9Vi"
JavaScript error: resource://gre/modules/XULStore.jsm, line 66: Error: Can't find profile directory.
1593327393836	Marionette	INFO	Listening on port 62170
1593327394296	Marionette	WARN	TLS certificate errors will be ignored for this session
JavaScript error: https://www.betexplorer.com/soccer/spain/laliga/ line 692 > scriptElement, line 1: ReferenceError: $ is not defined
JavaScript error: https://www.betexplorer.com/soccer/spain/laliga/ line 692 > scriptElement, line 1: ReferenceError: $ is not defined
JavaScript error: https://www.betexplorer.com/soccer/spain/laliga/ line 692 > scriptElement, line 1: ReferenceError: $ is not defined
JavaScript error: https://www.betexplorer.com/soccer/spain/laliga/villarreal-valencia/Snl8sZZr/ line 692 > scriptElement, line 1: ReferenceError: $ is not defined
JavaScript error: https://www.betexplorer.com/soccer/spain/laliga/villarreal-valencia/Snl8sZZr/ line 692 > scriptElement, line 1: ReferenceError: $ is not defined
JavaScript error: https://www.betexplorer.com/soccer/spain/laliga/villarreal-valencia/Snl8sZZr/ line 692 > scriptElement, line 1: ReferenceError: $ is not defined
JavaScript error: https://www.betexplorer.com/soccer/spain/laliga/ line 692 > scriptElement, line 1: ReferenceError: $ is not defined
JavaScript error: https://www.betexplorer.com/soccer/spain/laliga/ line 692 > scriptElement, line 1: ReferenceError: $ is not defined
JavaScript error: https://www.betexplorer.com/soccer/spain/laliga/ line 692 > scriptElement, line 1: ReferenceError: $ is not defined
JavaScript error: https://www.betexplorer.com/soccer/spain/laliga/levante-betis/UB8XmycF/ line 692 > scriptElement, line 1: ReferenceError: $ is not defined
JavaScript error: https://www.betexplorer.com/soccer/spain/laliga/levante-betis/UB8XmycF/ line 692 > scriptElement, line 1: ReferenceError: $ is not defined
JavaScript error: https://www.betexplorer.com/soccer/spain/laliga/levante-betis/UB8XmycF/ line 692 > scriptElement, line 1: ReferenceError: $ is not defined
JavaScript error: https://www.betexplorer.com/soccer/spain/laliga/ line 692 > scriptElement, line 1: ReferenceError: $ is not defined
JavaScript error: https://www.betexplorer.com/soccer/spain/laliga/ line 692 > scriptElement, line 1: ReferenceError: $ is not defined
JavaScript error: https://www.betexplorer.com/soccer/spain/laliga/ line 692 > scriptElement, line 1: ReferenceError: $ is not defined
JavaScript error: https://www.betexplorer.com/soccer/spain/laliga/ line 692 > scriptElement, line 1: ReferenceError: $ is not defined
JavaScript error: https://www.betexplorer.com/soccer/spain/laliga/ line 692 > scriptElement, line 1: ReferenceError: $ is not defined
JavaScript error: https://www.betexplorer.com/soccer/spain/laliga/ line 692 > scriptElement, line 1: ReferenceError: $ is not defined
JavaScript error: https://www.betexplorer.com/soccer/spain/laliga/ line 692 > scriptElement, line 1: ReferenceError: $ is not defined
JavaScript error: https://www.betexplorer.com/soccer/spain/laliga/ line 692 > scriptElement, line 1: ReferenceError: $ is not defined
JavaScript error: https://www.betexplorer.com/soccer/spain/laliga/ line 692 > scriptElement, line 1: ReferenceError: $ is not defined
JavaScript error: https://www.betexplorer.com/soccer/spain/laliga/getafe-real-sociedad/OE5PkcS2/ line 692 > scriptElement, line 1: ReferenceError: $ is not defined
JavaScript error: https://www.betexplorer.com/soccer/spain/laliga/getafe-real-sociedad/OE5PkcS2/ line 692 > scriptElement, line 1: ReferenceError: $ is not defined
JavaScript error: https://www.betexplorer.com/soccer/spain/laliga/getafe-real-sociedad/OE5PkcS2/ line 692 > scriptElement, line 1: ReferenceError: $ is not defined
1593327472189	Marionette	INFO	Stopped listening on port 62170

###!!! [Child][RunMessage] Error: Channel closing: too late to send/recv, messages will be lost


###!!! [Child][MessageChannel::SendAndWait] Error: Channel error: cannot send/recv

1593327499990	mozrunner::runner	INFO	Running command: "C:\\Program Files\\Mozilla Firefox\\firefox.exe" "-marionette" "-foreground" "-no-remote" "-profile" "C:\\Users\\pedro\\AppData\\Local\\Temp\\rust_mozprofileHxixF6"
JavaScript error: resource://gre/modules/XULStore.jsm, line 66: Error: Can't find profile directory.
1593327502929	Marionette	INFO	Listening on port 62282
1593327503124	Marionette	WARN	TLS certificate errors will be ignored for this session
JavaScript error: https://www.betexplorer.com/soccer/italy/serie-a/ line 692 > scriptElement, line 1: ReferenceError: $ is not defined
JavaScript error: https://www.betexplorer.com/soccer/italy/serie-a/ line 692 > scriptElement, line 1: ReferenceError: $ is not defined
JavaScript error: https://www.betexplorer.com/soccer/italy/serie-a/ line 692 > scriptElement, line 1: ReferenceError: $ is not defined
JavaScript error: https://www.betexplorer.com/soccer/italy/serie-a/ac-milan-as-roma/KYQOElwr/ line 692 > scriptElement, line 1: ReferenceError: $ is not defined
JavaScript error: https://www.betexplorer.com/soccer/italy/serie-a/ac-milan-as-roma/KYQOElwr/ line 692 > scriptElement, line 1: ReferenceError: $ is not defined
JavaScript error: https://www.betexplorer.com/soccer/italy/serie-a/ac-milan-as-roma/KYQOElwr/ line 692 > scriptElement, line 1: ReferenceError: $ is not defined
JavaScript error: https://www.betexplorer.com/soccer/italy/serie-a/ line 692 > scriptElement, line 1: ReferenceError: $ is not defined
JavaScript error: https://www.betexplorer.com/soccer/italy/serie-a/ line 692 > scriptElement, line 1: ReferenceError: $ is not defined
JavaScript error: https://www.betexplorer.com/soccer/italy/serie-a/ line 692 > scriptElement, line 1: ReferenceError: $ is not defined
JavaScript error: https://www.betexplorer.com/soccer/italy/serie-a/sampdoria-bologna/0UgbbTh1/ line 692 > scriptElement, line 1: ReferenceError: $ is not defined
JavaScript error: https://www.betexplorer.com/soccer/italy/serie-a/sampdoria-bologna/0UgbbTh1/ line 692 > scriptElement, line 1: ReferenceError: $ is not defined
JavaScript error: https://www.betexplorer.com/soccer/italy/serie-a/sampdoria-bologna/0UgbbTh1/ line 692 > scriptElement, line 1: ReferenceError: $ is not defined
JavaScript error: https://www.betexplorer.com/soccer/italy/serie-a/sassuolo-verona/6RplLj0E/ line 692 > scriptElement, line 1: ReferenceError: $ is not defined
JavaScript error: https://www.betexplorer.com/soccer/italy/serie-a/sassuolo-verona/6RplLj0E/ line 692 > scriptElement, line 1: ReferenceError: $ is not defined
JavaScript error: https://www.betexplorer.com/soccer/italy/serie-a/sassuolo-verona/6RplLj0E/ line 692 > scriptElement, line 1: ReferenceError: $ is not defined
JavaScript error: https://www.betexplorer.com/soccer/italy/serie-a/ line 692 > scriptElement, line 1: ReferenceError: $ is not defined
JavaScript error: https://www.betexplorer.com/soccer/italy/serie-a/ line 692 > scriptElement, line 1: ReferenceError: $ is not defined
JavaScript error: https://www.betexplorer.com/soccer/italy/serie-a/ line 692 > scriptElement, line 1: ReferenceError: $ is not defined
JavaScript error: https://www.betexplorer.com/soccer/italy/serie-a/napoli-spal/bPPSD8hl/ line 692 > scriptElement, line 1: ReferenceError: $ is not defined
JavaScript error: https://www.betexplorer.com/soccer/italy/serie-a/napoli-spal/bPPSD8hl/ line 692 > scriptElement, line 1: ReferenceError: $ is not defined
JavaScript error: https://www.betexplorer.com/soccer/italy/serie-a/napoli-spal/bPPSD8hl/ line 692 > scriptElement, line 1: ReferenceError: $ is not defined
JavaScript error: https://www.betexplorer.com/soccer/italy/serie-a/parma-inter/ljzgKAFK/ line 692 > scriptElement, line 1: ReferenceError: $ is not defined
JavaScript error: https://www.betexplorer.com/soccer/italy/serie-a/parma-inter/ljzgKAFK/ line 692 > scriptElement, line 1: ReferenceError: $ is not defined
JavaScript error: https://www.betexplorer.com/soccer/italy/serie-a/parma-inter/ljzgKAFK/ line 692 > scriptElement, line 1: ReferenceError: $ is not defined
1593327595122	Marionette	INFO	Stopped listening on port 62282

###!!! [Child][RunMessage] Error: Channel closing: too late to send/recv, messages will be lost

1593327789023	mozrunner::runner	INFO	Running command: "C:\\Program Files\\Mozilla Firefox\\firefox.exe" "-marionette" "-foreground" "-no-remote" "-profile" "C:\\Users\\pedro\\AppData\\Local\\Temp\\rust_mozprofiler40x8Q"
JavaScript error: resource://gre/modules/XULStore.jsm, line 66: Error: Can't find profile directory.
1593327791612	Marionette	INFO	Listening on port 62431
1593327791644	Marionette	WARN	TLS certificate errors will be ignored for this session
JavaScript error: https://www.betexplorer.com/soccer/england/premier-league/ line 692 > scriptElement, line 1: ReferenceError: $ is not defined
JavaScript error: https://www.betexplorer.com/soccer/england/premier-league/ line 692 > scriptElement, line 1: ReferenceError: $ is not defined
JavaScript error: https://www.betexplorer.com/soccer/england/premier-league/ line 692 > scriptElement, line 1: ReferenceError: $ is not defined
JavaScript error: https://www.betexplorer.com/soccer/england/premier-league/watford-southampton/OUs0DA9C/ line 692 > scriptElement, line 1: ReferenceError: $ is not defined
JavaScript error: https://www.betexplorer.com/soccer/england/premier-league/watford-southampton/OUs0DA9C/ line 692 > scriptElement, line 1: ReferenceError: $ is not defined
JavaScript error: https://www.betexplorer.com/soccer/england/premier-league/watford-southampton/OUs0DA9C/ line 692 > scriptElement, line 1: ReferenceError: $ is not defined
JavaScript error: https://www.betexplorer.com/soccer/england/premier-league/crystal-palace-burnley/fkjqHhAm/ line 692 > scriptElement, line 1: ReferenceError: $ is not defined
JavaScript error: https://www.betexplorer.com/soccer/england/premier-league/crystal-palace-burnley/fkjqHhAm/ line 692 > scriptElement, line 1: ReferenceError: $ is not defined
JavaScript error: https://www.betexplorer.com/soccer/england/premier-league/crystal-palace-burnley/fkjqHhAm/ line 692 > scriptElement, line 1: ReferenceError: $ is not defined
JavaScript error: https://www.betexplorer.com/soccer/england/premier-league/ line 692 > scriptElement, line 1: ReferenceError: $ is not defined
JavaScript error: https://www.betexplorer.com/soccer/england/premier-league/ line 692 > scriptElement, line 1: ReferenceError: $ is not defined
JavaScript error: https://www.betexplorer.com/soccer/england/premier-league/ line 692 > scriptElement, line 1: ReferenceError: $ is not defined
JavaScript error: https://www.betexplorer.com/soccer/england/premier-league/ line 692 > scriptElement, line 1: ReferenceError: $ is not defined
JavaScript error: https://www.betexplorer.com/soccer/england/premier-league/ line 692 > scriptElement, line 1: ReferenceError: $ is not defined
JavaScript error: https://www.betexplorer.com/soccer/england/premier-league/ line 692 > scriptElement, line 1: ReferenceError: $ is not defined
JavaScript error: https://www.betexplorer.com/soccer/england/premier-league/bournemouth-newcastle-utd/Kz0YbBfJ/ line 692 > scriptElement, line 1: ReferenceError: $ is not defined
JavaScript error: https://www.betexplorer.com/soccer/england/premier-league/bournemouth-newcastle-utd/Kz0YbBfJ/ line 692 > scriptElement, line 1: ReferenceError: $ is not defined
JavaScript error: https://www.betexplorer.com/soccer/england/premier-league/bournemouth-newcastle-utd/Kz0YbBfJ/ line 692 > scriptElement, line 1: ReferenceError: $ is not defined
JavaScript error: https://www.betexplorer.com/soccer/england/premier-league/ line 692 > scriptElement, line 1: ReferenceError: $ is not defined
JavaScript error: https://www.betexplorer.com/soccer/england/premier-league/ line 692 > scriptElement, line 1: ReferenceError: $ is not defined
JavaScript error: https://www.betexplorer.com/soccer/england/premier-league/ line 692 > scriptElement, line 1: ReferenceError: $ is not defined
JavaScript error: https://www.betexplorer.com/soccer/england/premier-league/arsenal-norwich/YwlGNfXJ/ line 692 > scriptElement, line 1: ReferenceError: $ is not defined
JavaScript error: https://www.betexplorer.com/soccer/england/premier-league/arsenal-norwich/YwlGNfXJ/ line 692 > scriptElement, line 1: ReferenceError: $ is not defined
JavaScript error: https://www.betexplorer.com/soccer/england/premier-league/arsenal-norwich/YwlGNfXJ/ line 692 > scriptElement, line 1: ReferenceError: $ is not defined
JavaScript error: https://www.betexplorer.com/soccer/england/premier-league/ line 692 > scriptElement, line 1: ReferenceError: $ is not defined
JavaScript error: https://www.betexplorer.com/soccer/england/premier-league/ line 692 > scriptElement, line 1: ReferenceError: $ is not defined
JavaScript error: https://www.betexplorer.com/soccer/england/premier-league/ line 692 > scriptElement, line 1: ReferenceError: $ is not defined
JavaScript error: https://www.betexplorer.com/soccer/england/premier-league/everton-leicester/lCkmGCPg/ line 692 > scriptElement, line 1: ReferenceError: $ is not defined
JavaScript error: https://www.betexplorer.com/soccer/england/premier-league/everton-leicester/lCkmGCPg/ line 692 > scriptElement, line 1: ReferenceError: $ is not defined
JavaScript error: https://www.betexplorer.com/soccer/england/premier-league/everton-leicester/lCkmGCPg/ line 692 > scriptElement, line 1: ReferenceError: $ is not defined
JavaScript error: https://www.betexplorer.com/soccer/england/premier-league/ line 692 > scriptElement, line 1: ReferenceError: $ is not defined
JavaScript error: https://www.betexplorer.com/soccer/england/premier-league/ line 692 > scriptElement, line 1: ReferenceError: $ is not defined
JavaScript error: https://www.betexplorer.com/soccer/england/premier-league/ line 692 > scriptElement, line 1: ReferenceError: $ is not defined
JavaScript error: https://www.betexplorer.com/soccer/england/premier-league/west-ham-chelsea/h4n4CUOI/ line 692 > scriptElement, line 1: ReferenceError: $ is not defined
JavaScript error: https://www.betexplorer.com/soccer/england/premier-league/west-ham-chelsea/h4n4CUOI/ line 692 > scriptElement, line 1: ReferenceError: $ is not defined
JavaScript error: https://www.betexplorer.com/soccer/england/premier-league/west-ham-chelsea/h4n4CUOI/ line 692 > scriptElement, line 1: ReferenceError: $ is not defined
JavaScript error: https://www.betexplorer.com/soccer/england/premier-league/ line 692 > scriptElement, line 1: ReferenceError: $ is not defined
JavaScript error: https://www.betexplorer.com/soccer/england/premier-league/ line 692 > scriptElement, line 1: ReferenceError: $ is not defined
JavaScript error: https://www.betexplorer.com/soccer/england/premier-league/ line 692 > scriptElement, line 1: ReferenceError: $ is not defined
JavaScript error: https://www.betexplorer.com/soccer/england/premier-league/sheffield-utd-tottenham/pvqdEjf6/ line 692 > scriptElement, line 1: ReferenceError: $ is not defined
JavaScript error: https://www.betexplorer.com/soccer/england/premier-league/sheffield-utd-tottenham/pvqdEjf6/ line 692 > scriptElement, line 1: ReferenceError: $ is not defined
JavaScript error: https://www.betexplorer.com/soccer/england/premier-league/sheffield-utd-tottenham/pvqdEjf6/ line 692 > scriptElement, line 1: ReferenceError: $ is not defined
1593327925513	Marionette	INFO	Stopped listening on port 62431

###!!! [Child][RunMessage] Error: Channel closing: too late to send/recv, messages will be lost


###!!! [Child][MessageChannel::SendAndWait] Error: Channel error: cannot send/recv

1593327950140	mozrunner::runner	INFO	Running command: "C:\\Program Files\\Mozilla Firefox\\firefox.exe" "-marionette" "-foreground" "-no-remote" "-profile" "C:\\Users\\pedro\\AppData\\Local\\Temp\\rust_mozprofileRO5xAY"
JavaScript error: resource://gre/modules/XULStore.jsm, line 66: Error: Can't find profile directory.
1593327952699	Marionette	INFO	Listening on port 62572
1593327952760	Marionette	WARN	TLS certificate errors will be ignored for this session
JavaScript error: https://www.betexplorer.com/soccer/spain/laliga/ line 692 > scriptElement, line 1: ReferenceError: $ is not defined
JavaScript error: https://www.betexplorer.com/soccer/spain/laliga/ line 692 > scriptElement, line 1: ReferenceError: $ is not defined
JavaScript error: https://www.betexplorer.com/soccer/spain/laliga/ line 692 > scriptElement, line 1: ReferenceError: $ is not defined
JavaScript error: https://www.betexplorer.com/soccer/spain/laliga/villarreal-valencia/Snl8sZZr/ line 692 > scriptElement, line 1: ReferenceError: $ is not defined
JavaScript error: https://www.betexplorer.com/soccer/spain/laliga/villarreal-valencia/Snl8sZZr/ line 692 > scriptElement, line 1: ReferenceError: $ is not defined
JavaScript error: https://www.betexplorer.com/soccer/spain/laliga/villarreal-valencia/Snl8sZZr/ line 692 > scriptElement, line 1: ReferenceError: $ is not defined
JavaScript error: https://www.betexplorer.com/soccer/spain/laliga/ line 692 > scriptElement, line 1: ReferenceError: $ is not defined
JavaScript error: https://www.betexplorer.com/soccer/spain/laliga/ line 692 > scriptElement, line 1: ReferenceError: $ is not defined
JavaScript error: https://www.betexplorer.com/soccer/spain/laliga/ line 692 > scriptElement, line 1: ReferenceError: $ is not defined
JavaScript error: https://www.betexplorer.com/soccer/spain/laliga/granada-cf-eibar/zk9TlHs9/ line 692 > scriptElement, line 1: ReferenceError: $ is not defined
JavaScript error: https://www.betexplorer.com/soccer/spain/laliga/granada-cf-eibar/zk9TlHs9/ line 692 > scriptElement, line 1: ReferenceError: $ is not defined
JavaScript error: https://www.betexplorer.com/soccer/spain/laliga/granada-cf-eibar/zk9TlHs9/ line 692 > scriptElement, line 1: ReferenceError: $ is not defined
JavaScript error: https://www.betexplorer.com/soccer/spain/laliga/ line 692 > scriptElement, line 1: ReferenceError: $ is not defined
JavaScript error: https://www.betexplorer.com/soccer/spain/laliga/ line 692 > scriptElement, line 1: ReferenceError: $ is not defined
JavaScript error: https://www.betexplorer.com/soccer/spain/laliga/ line 692 > scriptElement, line 1: ReferenceError: $ is not defined
JavaScript error: https://www.betexplorer.com/soccer/spain/laliga/espanyol-real-madrid/M9RtRDk2/ line 692 > scriptElement, line 1: ReferenceError: $ is not defined
JavaScript error: https://www.betexplorer.com/soccer/spain/laliga/espanyol-real-madrid/M9RtRDk2/ line 692 > scriptElement, line 1: ReferenceError: $ is not defined
JavaScript error: https://www.betexplorer.com/soccer/spain/laliga/espanyol-real-madrid/M9RtRDk2/ line 692 > scriptElement, line 1: ReferenceError: $ is not defined
JavaScript error: https://www.betexplorer.com/soccer/spain/laliga/ line 692 > scriptElement, line 1: ReferenceError: $ is not defined
JavaScript error: https://www.betexplorer.com/soccer/spain/laliga/ line 692 > scriptElement, line 1: ReferenceError: $ is not defined
JavaScript error: https://www.betexplorer.com/soccer/spain/laliga/ line 692 > scriptElement, line 1: ReferenceError: $ is not defined
1593328032274	Marionette	INFO	Stopped listening on port 62572

###!!! [Child][RunMessage] Error: Channel closing: too late to send/recv, messages will be lost


###!!! [Child][MessageChannel::SendAndWait] Error: Channel error: cannot send/recv

1593328060009	mozrunner::runner	INFO	Running command: "C:\\Program Files\\Mozilla Firefox\\firefox.exe" "-marionette" "-foreground" "-no-remote" "-profile" "C:\\Users\\pedro\\AppData\\Local\\Temp\\rust_mozprofileDPWJqA"
JavaScript error: resource://gre/modules/XULStore.jsm, line 66: Error: Can't find profile directory.
1593328062609	Marionette	INFO	Listening on port 62681
1593328062636	Marionette	WARN	TLS certificate errors will be ignored for this session
JavaScript error: https://www.betexplorer.com/soccer/italy/serie-a/ line 692 > scriptElement, line 1: ReferenceError: $ is not defined
JavaScript error: https://www.betexplorer.com/soccer/italy/serie-a/ line 692 > scriptElement, line 1: ReferenceError: $ is not defined
JavaScript error: https://www.betexplorer.com/soccer/italy/serie-a/ line 692 > scriptElement, line 1: ReferenceError: $ is not defined
JavaScript error: https://www.betexplorer.com/soccer/italy/serie-a/ac-milan-as-roma/KYQOElwr/ line 692 > scriptElement, line 1: ReferenceError: $ is not defined
JavaScript error: https://www.betexplorer.com/soccer/italy/serie-a/ac-milan-as-roma/KYQOElwr/ line 692 > scriptElement, line 1: ReferenceError: $ is not defined
JavaScript error: https://www.betexplorer.com/soccer/italy/serie-a/ac-milan-as-roma/KYQOElwr/ line 692 > scriptElement, line 1: ReferenceError: $ is not defined
JavaScript error: https://www.betexplorer.com/soccer/italy/serie-a/ line 692 > scriptElement, line 1: ReferenceError: $ is not defined
JavaScript error: https://www.betexplorer.com/soccer/italy/serie-a/ line 692 > scriptElement, line 1: ReferenceError: $ is not defined
JavaScript error: https://www.betexplorer.com/soccer/italy/serie-a/ line 692 > scriptElement, line 1: ReferenceError: $ is not defined
JavaScript error: https://www.betexplorer.com/soccer/italy/serie-a/sampdoria-bologna/0UgbbTh1/ line 692 > scriptElement, line 1: ReferenceError: $ is not defined
JavaScript error: https://www.betexplorer.com/soccer/italy/serie-a/sampdoria-bologna/0UgbbTh1/ line 692 > scriptElement, line 1: ReferenceError: $ is not defined
JavaScript error: https://www.betexplorer.com/soccer/italy/serie-a/sampdoria-bologna/0UgbbTh1/ line 692 > scriptElement, line 1: ReferenceError: $ is not defined
JavaScript error: https://www.betexplorer.com/soccer/italy/serie-a/napoli-spal/bPPSD8hl/ line 692 > scriptElement, line 1: ReferenceError: $ is not defined
JavaScript error: https://www.betexplorer.com/soccer/italy/serie-a/napoli-spal/bPPSD8hl/ line 692 > scriptElement, line 1: ReferenceError: $ is not defined
JavaScript error: https://www.betexplorer.com/soccer/italy/serie-a/napoli-spal/bPPSD8hl/ line 692 > scriptElement, line 1: ReferenceError: $ is not defined
JavaScript error: https://www.betexplorer.com/soccer/italy/serie-a/parma-inter/ljzgKAFK/ line 692 > scriptElement, line 1: ReferenceError: $ is not defined
JavaScript error: https://www.betexplorer.com/soccer/italy/serie-a/parma-inter/ljzgKAFK/ line 692 > scriptElement, line 1: ReferenceError: $ is not defined
JavaScript error: https://www.betexplorer.com/soccer/italy/serie-a/parma-inter/ljzgKAFK/ line 692 > scriptElement, line 1: ReferenceError: $ is not defined
1593328154753	Marionette	INFO	Stopped listening on port 62681

###!!! [Child][RunMessage] Error: Channel closing: too late to send/recv, messages will be lost


###!!! [Child][MessageChannel::SendAndWait] Error: Channel error: cannot send/recv

1593329369830	mozrunner::runner	INFO	Running command: "C:\\Program Files\\Mozilla Firefox\\firefox.exe" "-marionette" "-foreground" "-no-remote" "-profile" "C:\\Users\\pedro\\AppData\\Local\\Temp\\rust_mozprofileIyv4s1"
JavaScript error: resource://gre/modules/XULStore.jsm, line 66: Error: Can't find profile directory.
1593329373379	Marionette	INFO	Listening on port 62921
1593329373451	Marionette	WARN	TLS certificate errors will be ignored for this session
JavaScript error: https://www.betexplorer.com/soccer/england/premier-league/ line 692 > scriptElement, line 1: ReferenceError: $ is not defined
JavaScript error: https://www.betexplorer.com/soccer/england/premier-league/ line 692 > scriptElement, line 1: ReferenceError: $ is not defined
JavaScript error: https://www.betexplorer.com/soccer/england/premier-league/ line 692 > scriptElement, line 1: ReferenceError: $ is not defined
JavaScript error: https://www.betexplorer.com/soccer/england/premier-league/crystal-palace-burnley/fkjqHhAm/ line 692 > scriptElement, line 1: ReferenceError: $ is not defined
JavaScript error: https://www.betexplorer.com/soccer/england/premier-league/crystal-palace-burnley/fkjqHhAm/ line 692 > scriptElement, line 1: ReferenceError: $ is not defined
JavaScript error: https://www.betexplorer.com/soccer/england/premier-league/crystal-palace-burnley/fkjqHhAm/ line 692 > scriptElement, line 1: ReferenceError: $ is not defined
JavaScript error: https://www.betexplorer.com/soccer/england/premier-league/brighton-manchester-united/GbiuIYfs/ line 692 > scriptElement, line 1: ReferenceError: $ is not defined
JavaScript error: https://www.betexplorer.com/soccer/england/premier-league/brighton-manchester-united/GbiuIYfs/ line 692 > scriptElement, line 1: ReferenceError: $ is not defined
JavaScript error: https://www.betexplorer.com/soccer/england/premier-league/brighton-manchester-united/GbiuIYfs/ line 692 > scriptElement, line 1: ReferenceError: $ is not defined
JavaScript error: https://www.betexplorer.com/soccer/england/premier-league/ line 692 > scriptElement, line 1: ReferenceError: $ is not defined
JavaScript error: https://www.betexplorer.com/soccer/england/premier-league/ line 692 > scriptElement, line 1: ReferenceError: $ is not defined
JavaScript error: https://www.betexplorer.com/soccer/england/premier-league/ line 692 > scriptElement, line 1: ReferenceError: $ is not defined
JavaScript error: https://www.betexplorer.com/soccer/england/premier-league/bournemouth-newcastle-utd/Kz0YbBfJ/ line 692 > scriptElement, line 1: ReferenceError: $ is not defined
JavaScript error: https://www.betexplorer.com/soccer/england/premier-league/bournemouth-newcastle-utd/Kz0YbBfJ/ line 692 > scriptElement, line 1: ReferenceError: $ is not defined
JavaScript error: https://www.betexplorer.com/soccer/england/premier-league/bournemouth-newcastle-utd/Kz0YbBfJ/ line 692 > scriptElement, line 1: ReferenceError: $ is not defined
JavaScript error: https://www.betexplorer.com/soccer/england/premier-league/west-ham-chelsea/h4n4CUOI/ line 692 > scriptElement, line 1: ReferenceError: $ is not defined
JavaScript error: https://www.betexplorer.com/soccer/england/premier-league/west-ham-chelsea/h4n4CUOI/ line 692 > scriptElement, line 1: ReferenceError: $ is not defined
JavaScript error: https://www.betexplorer.com/soccer/england/premier-league/west-ham-chelsea/h4n4CUOI/ line 692 > scriptElement, line 1: ReferenceError: $ is not defined
JavaScript error: https://www.betexplorer.com/soccer/england/premier-league/sheffield-utd-tottenham/pvqdEjf6/ line 692 > scriptElement, line 1: ReferenceError: $ is not defined
JavaScript error: https://www.betexplorer.com/soccer/england/premier-league/sheffield-utd-tottenham/pvqdEjf6/ line 692 > scriptElement, line 1: ReferenceError: $ is not defined
JavaScript error: https://www.betexplorer.com/soccer/england/premier-league/sheffield-utd-tottenham/pvqdEjf6/ line 692 > scriptElement, line 1: ReferenceError: $ is not defined
JavaScript error: https://www.betexplorer.com/soccer/england/premier-league/manchester-city-liverpool/2FgiFWv0/ line 692 > scriptElement, line 1: ReferenceError: $ is not defined
JavaScript error: https://www.betexplorer.com/soccer/england/premier-league/manchester-city-liverpool/2FgiFWv0/ line 692 > scriptElement, line 1: ReferenceError: $ is not defined
JavaScript error: https://www.betexplorer.com/soccer/england/premier-league/manchester-city-liverpool/2FgiFWv0/ line 692 > scriptElement, line 1: ReferenceError: $ is not defined
1593329510237	Marionette	INFO	Stopped listening on port 62921

###!!! [Child][RunMessage] Error: Channel closing: too late to send/recv, messages will be lost


###!!! [Child][MessageChannel::SendAndWait] Error: Channel error: cannot send/recv

1593331428473	mozrunner::runner	INFO	Running command: "C:\\Program Files\\Mozilla Firefox\\firefox.exe" "-marionette" "-foreground" "-no-remote" "-profile" "C:\\Users\\pedro\\AppData\\Local\\Temp\\rust_mozprofilefmZYtL"
JavaScript error: resource://gre/modules/XULStore.jsm, line 66: Error: Can't find profile directory.
1593331431105	Marionette	INFO	Listening on port 63396
1593331431590	Marionette	WARN	TLS certificate errors will be ignored for this session
JavaScript error: https://www.betexplorer.com/soccer/england/premier-league/ line 692 > scriptElement, line 1: ReferenceError: $ is not defined
JavaScript error: https://www.betexplorer.com/soccer/england/premier-league/ line 692 > scriptElement, line 1: ReferenceError: $ is not defined
JavaScript error: https://www.betexplorer.com/soccer/england/premier-league/ line 692 > scriptElement, line 1: ReferenceError: $ is not defined
JavaScript error: https://www.betexplorer.com/soccer/england/premier-league/ line 692 > scriptElement, line 1: ReferenceError: $ is not defined
JavaScript error: https://www.betexplorer.com/soccer/england/premier-league/ line 692 > scriptElement, line 1: ReferenceError: $ is not defined
JavaScript error: https://www.betexplorer.com/soccer/england/premier-league/ line 692 > scriptElement, line 1: ReferenceError: $ is not defined
JavaScript error: https://www.betexplorer.com/soccer/england/premier-league/crystal-palace-burnley/fkjqHhAm/ line 692 > scriptElement, line 1: ReferenceError: $ is not defined
JavaScript error: https://www.betexplorer.com/soccer/england/premier-league/crystal-palace-burnley/fkjqHhAm/ line 692 > scriptElement, line 1: ReferenceError: $ is not defined
JavaScript error: https://www.betexplorer.com/soccer/england/premier-league/crystal-palace-burnley/fkjqHhAm/ line 692 > scriptElement, line 1: ReferenceError: $ is not defined
JavaScript error: https://www.betexplorer.com/soccer/england/premier-league/ line 692 > scriptElement, line 1: ReferenceError: $ is not defined
JavaScript error: https://www.betexplorer.com/soccer/england/premier-league/ line 692 > scriptElement, line 1: ReferenceError: $ is not defined
JavaScript error: https://www.betexplorer.com/soccer/england/premier-league/ line 692 > scriptElement, line 1: ReferenceError: $ is not defined
JavaScript error: https://www.betexplorer.com/soccer/england/premier-league/brighton-manchester-united/GbiuIYfs/ line 692 > scriptElement, line 1: ReferenceError: $ is not defined
JavaScript error: https://www.betexplorer.com/soccer/england/premier-league/brighton-manchester-united/GbiuIYfs/ line 692 > scriptElement, line 1: ReferenceError: $ is not defined
JavaScript error: https://www.betexplorer.com/soccer/england/premier-league/brighton-manchester-united/GbiuIYfs/ line 692 > scriptElement, line 1: ReferenceError: $ is not defined
JavaScript error: https://www.betexplorer.com/soccer/england/premier-league/ line 692 > scriptElement, line 1: ReferenceError: $ is not defined
JavaScript error: https://www.betexplorer.com/soccer/england/premier-league/ line 692 > scriptElement, line 1: ReferenceError: $ is not defined
JavaScript error: https://www.betexplorer.com/soccer/england/premier-league/ line 692 > scriptElement, line 1: ReferenceError: $ is not defined
JavaScript error: https://www.betexplorer.com/soccer/england/premier-league/bournemouth-newcastle-utd/Kz0YbBfJ/ line 692 > scriptElement, line 1: ReferenceError: $ is not defined
JavaScript error: https://www.betexplorer.com/soccer/england/premier-league/bournemouth-newcastle-utd/Kz0YbBfJ/ line 692 > scriptElement, line 1: ReferenceError: $ is not defined
JavaScript error: https://www.betexplorer.com/soccer/england/premier-league/bournemouth-newcastle-utd/Kz0YbBfJ/ line 692 > scriptElement, line 1: ReferenceError: $ is not defined
JavaScript error: https://www.betexplorer.com/soccer/england/premier-league/arsenal-norwich/YwlGNfXJ/ line 692 > scriptElement, line 1: ReferenceError: $ is not defined
JavaScript error: https://www.betexplorer.com/soccer/england/premier-league/arsenal-norwich/YwlGNfXJ/ line 692 > scriptElement, line 1: ReferenceError: $ is not defined
JavaScript error: https://www.betexplorer.com/soccer/england/premier-league/arsenal-norwich/YwlGNfXJ/ line 692 > scriptElement, line 1: ReferenceError: $ is not defined
JavaScript error: https://www.betexplorer.com/soccer/england/premier-league/ line 692 > scriptElement, line 1: ReferenceError: $ is not defined
JavaScript error: https://www.betexplorer.com/soccer/england/premier-league/ line 692 > scriptElement, line 1: ReferenceError: $ is not defined
JavaScript error: https://www.betexplorer.com/soccer/england/premier-league/ line 692 > scriptElement, line 1: ReferenceError: $ is not defined
JavaScript error: https://www.betexplorer.com/soccer/england/premier-league/west-ham-chelsea/h4n4CUOI/ line 692 > scriptElement, line 1: ReferenceError: $ is not defined
JavaScript error: https://www.betexplorer.com/soccer/england/premier-league/west-ham-chelsea/h4n4CUOI/ line 692 > scriptElement, line 1: ReferenceError: $ is not defined
JavaScript error: https://www.betexplorer.com/soccer/england/premier-league/west-ham-chelsea/h4n4CUOI/ line 692 > scriptElement, line 1: ReferenceError: $ is not defined
JavaScript error: https://www.betexplorer.com/soccer/england/premier-league/ line 692 > scriptElement, line 1: ReferenceError: $ is not defined
JavaScript error: https://www.betexplorer.com/soccer/england/premier-league/ line 692 > scriptElement, line 1: ReferenceError: $ is not defined
JavaScript error: https://www.betexplorer.com/soccer/england/premier-league/ line 692 > scriptElement, line 1: ReferenceError: $ is not defined
JavaScript error: https://www.betexplorer.com/soccer/england/premier-league/sheffield-utd-tottenham/pvqdEjf6/ line 692 > scriptElement, line 1: ReferenceError: $ is not defined
JavaScript error: https://www.betexplorer.com/soccer/england/premier-league/sheffield-utd-tottenham/pvqdEjf6/ line 692 > scriptElement, line 1: ReferenceError: $ is not defined
JavaScript error: https://www.betexplorer.com/soccer/england/premier-league/sheffield-utd-tottenham/pvqdEjf6/ line 692 > scriptElement, line 1: ReferenceError: $ is not defined
JavaScript error: https://www.betexplorer.com/soccer/england/premier-league/manchester-city-liverpool/2FgiFWv0/ line 692 > scriptElement, line 1: ReferenceError: $ is not defined
JavaScript error: https://www.betexplorer.com/soccer/england/premier-league/manchester-city-liverpool/2FgiFWv0/ line 692 > scriptElement, line 1: ReferenceError: $ is not defined
JavaScript error: https://www.betexplorer.com/soccer/england/premier-league/manchester-city-liverpool/2FgiFWv0/ line 692 > scriptElement, line 1: ReferenceError: $ is not defined
1593331566925	Marionette	INFO	Stopped listening on port 63396

###!!! [Child][RunMessage] Error: Channel closing: too late to send/recv, messages will be lost


###!!! [Child][MessageChannel::SendAndWait] Error: Channel error: cannot send/recv

1593331674423	mozrunner::runner	INFO	Running command: "C:\\Program Files\\Mozilla Firefox\\firefox.exe" "-marionette" "-foreground" "-no-remote" "-profile" "C:\\Users\\pedro\\AppData\\Local\\Temp\\rust_mozprofile9bnfv4"
JavaScript error: resource://gre/modules/XULStore.jsm, line 66: Error: Can't find profile directory.
1593331677241	Marionette	INFO	Listening on port 63573
1593331677536	Marionette	WARN	TLS certificate errors will be ignored for this session
JavaScript error: https://www.betexplorer.com/soccer/england/premier-league/ line 692 > scriptElement, line 1: ReferenceError: $ is not defined
JavaScript error: https://www.betexplorer.com/soccer/england/premier-league/ line 692 > scriptElement, line 1: ReferenceError: $ is not defined
JavaScript error: https://www.betexplorer.com/soccer/england/premier-league/ line 692 > scriptElement, line 1: ReferenceError: $ is not defined
JavaScript error: https://www.betexplorer.com/soccer/england/premier-league/watford-southampton/OUs0DA9C/ line 692 > scriptElement, line 1: ReferenceError: $ is not defined
JavaScript error: https://www.betexplorer.com/soccer/england/premier-league/watford-southampton/OUs0DA9C/ line 692 > scriptElement, line 1: ReferenceError: $ is not defined
JavaScript error: https://www.betexplorer.com/soccer/england/premier-league/watford-southampton/OUs0DA9C/ line 692 > scriptElement, line 1: ReferenceError: $ is not defined
JavaScript error: https://www.betexplorer.com/soccer/england/premier-league/ line 692 > scriptElement, line 1: ReferenceError: $ is not defined
JavaScript error: https://www.betexplorer.com/soccer/england/premier-league/ line 692 > scriptElement, line 1: ReferenceError: $ is not defined
JavaScript error: https://www.betexplorer.com/soccer/england/premier-league/ line 692 > scriptElement, line 1: ReferenceError: $ is not defined
JavaScript error: https://www.betexplorer.com/soccer/england/premier-league/crystal-palace-burnley/fkjqHhAm/ line 692 > scriptElement, line 1: ReferenceError: $ is not defined
JavaScript error: https://www.betexplorer.com/soccer/england/premier-league/crystal-palace-burnley/fkjqHhAm/ line 692 > scriptElement, line 1: ReferenceError: $ is not defined
JavaScript error: https://www.betexplorer.com/soccer/england/premier-league/crystal-palace-burnley/fkjqHhAm/ line 692 > scriptElement, line 1: ReferenceError: $ is not defined
JavaScript error: https://www.betexplorer.com/soccer/england/premier-league/ line 692 > scriptElement, line 1: ReferenceError: $ is not defined
JavaScript error: https://www.betexplorer.com/soccer/england/premier-league/ line 692 > scriptElement, line 1: ReferenceError: $ is not defined
JavaScript error: https://www.betexplorer.com/soccer/england/premier-league/ line 692 > scriptElement, line 1: ReferenceError: $ is not defined
JavaScript error: https://www.betexplorer.com/soccer/england/premier-league/brighton-manchester-united/GbiuIYfs/ line 692 > scriptElement, line 1: ReferenceError: $ is not defined
JavaScript error: https://www.betexplorer.com/soccer/england/premier-league/brighton-manchester-united/GbiuIYfs/ line 692 > scriptElement, line 1: ReferenceError: $ is not defined
JavaScript error: https://www.betexplorer.com/soccer/england/premier-league/brighton-manchester-united/GbiuIYfs/ line 692 > scriptElement, line 1: ReferenceError: $ is not defined
JavaScript error: https://www.betexplorer.com/soccer/england/premier-league/ line 692 > scriptElement, line 1: ReferenceError: $ is not defined
JavaScript error: https://www.betexplorer.com/soccer/england/premier-league/ line 692 > scriptElement, line 1: ReferenceError: $ is not defined
JavaScript error: https://www.betexplorer.com/soccer/england/premier-league/ line 692 > scriptElement, line 1: ReferenceError: $ is not defined
JavaScript error: https://www.betexplorer.com/soccer/england/premier-league/bournemouth-newcastle-utd/Kz0YbBfJ/ line 692 > scriptElement, line 1: ReferenceError: $ is not defined
JavaScript error: https://www.betexplorer.com/soccer/england/premier-league/bournemouth-newcastle-utd/Kz0YbBfJ/ line 692 > scriptElement, line 1: ReferenceError: $ is not defined
JavaScript error: https://www.betexplorer.com/soccer/england/premier-league/bournemouth-newcastle-utd/Kz0YbBfJ/ line 692 > scriptElement, line 1: ReferenceError: $ is not defined
JavaScript error: https://www.betexplorer.com/soccer/england/premier-league/ line 692 > scriptElement, line 1: ReferenceError: $ is not defined
JavaScript error: https://www.betexplorer.com/soccer/england/premier-league/ line 692 > scriptElement, line 1: ReferenceError: $ is not defined
JavaScript error: https://www.betexplorer.com/soccer/england/premier-league/ line 692 > scriptElement, line 1: ReferenceError: $ is not defined
JavaScript error: https://www.betexplorer.com/soccer/england/premier-league/ line 692 > scriptElement, line 1: ReferenceError: $ is not defined
JavaScript error: https://www.betexplorer.com/soccer/england/premier-league/ line 692 > scriptElement, line 1: ReferenceError: $ is not defined
JavaScript error: https://www.betexplorer.com/soccer/england/premier-league/ line 692 > scriptElement, line 1: ReferenceError: $ is not defined
JavaScript error: https://www.betexplorer.com/soccer/england/premier-league/everton-leicester/lCkmGCPg/ line 692 > scriptElement, line 1: ReferenceError: $ is not defined
JavaScript error: https://www.betexplorer.com/soccer/england/premier-league/everton-leicester/lCkmGCPg/ line 692 > scriptElement, line 1: ReferenceError: $ is not defined
JavaScript error: https://www.betexplorer.com/soccer/england/premier-league/everton-leicester/lCkmGCPg/ line 692 > scriptElement, line 1: ReferenceError: $ is not defined
JavaScript error: https://www.betexplorer.com/soccer/england/premier-league/west-ham-chelsea/h4n4CUOI/ line 692 > scriptElement, line 1: ReferenceError: $ is not defined
JavaScript error: https://www.betexplorer.com/soccer/england/premier-league/west-ham-chelsea/h4n4CUOI/ line 692 > scriptElement, line 1: ReferenceError: $ is not defined
JavaScript error: https://www.betexplorer.com/soccer/england/premier-league/west-ham-chelsea/h4n4CUOI/ line 692 > scriptElement, line 1: ReferenceError: $ is not defined
JavaScript error: https://www.betexplorer.com/soccer/england/premier-league/ line 692 > scriptElement, line 1: ReferenceError: $ is not defined
JavaScript error: https://www.betexplorer.com/soccer/england/premier-league/ line 692 > scriptElement, line 1: ReferenceError: $ is not defined
JavaScript error: https://www.betexplorer.com/soccer/england/premier-league/ line 692 > scriptElement, line 1: ReferenceError: $ is not defined
JavaScript error: https://www.betexplorer.com/soccer/england/premier-league/sheffield-utd-tottenham/pvqdEjf6/ line 692 > scriptElement, line 1: ReferenceError: $ is not defined
JavaScript error: https://www.betexplorer.com/soccer/england/premier-league/sheffield-utd-tottenham/pvqdEjf6/ line 692 > scriptElement, line 1: ReferenceError: $ is not defined
JavaScript error: https://www.betexplorer.com/soccer/england/premier-league/sheffield-utd-tottenham/pvqdEjf6/ line 692 > scriptElement, line 1: ReferenceError: $ is not defined
JavaScript error: https://www.betexplorer.com/soccer/england/premier-league/ line 692 > scriptElement, line 1: ReferenceError: $ is not defined
JavaScript error: https://www.betexplorer.com/soccer/england/premier-league/ line 692 > scriptElement, line 1: ReferenceError: $ is not defined
JavaScript error: https://www.betexplorer.com/soccer/england/premier-league/ line 692 > scriptElement, line 1: ReferenceError: $ is not defined
JavaScript error: https://www.betexplorer.com/soccer/england/premier-league/manchester-city-liverpool/2FgiFWv0/ line 692 > scriptElement, line 1: ReferenceError: $ is not defined
JavaScript error: https://www.betexplorer.com/soccer/england/premier-league/manchester-city-liverpool/2FgiFWv0/ line 692 > scriptElement, line 1: ReferenceError: $ is not defined
JavaScript error: https://www.betexplorer.com/soccer/england/premier-league/manchester-city-liverpool/2FgiFWv0/ line 692 > scriptElement, line 1: ReferenceError: $ is not defined
1593331811518	Marionette	INFO	Stopped listening on port 63573

###!!! [Child][RunMessage] Error: Channel closing: too late to send/recv, messages will be lost


###!!! [Child][MessageChannel::SendAndWait] Error: Channel error: cannot send/recv

1593332204613	mozrunner::runner	INFO	Running command: "C:\\Program Files\\Mozilla Firefox\\firefox.exe" "-marionette" "-foreground" "-no-remote" "-profile" "C:\\Users\\pedro\\AppData\\Local\\Temp\\rust_mozprofile24l4O2"
JavaScript error: resource://gre/modules/XULStore.jsm, line 66: Error: Can't find profile directory.
1593332207663	Marionette	INFO	Listening on port 63845
1593332207745	Marionette	WARN	TLS certificate errors will be ignored for this session
JavaScript error: https://www.betexplorer.com/soccer/england/premier-league/ line 692 > scriptElement, line 1: ReferenceError: $ is not defined
JavaScript error: https://www.betexplorer.com/soccer/england/premier-league/ line 692 > scriptElement, line 1: ReferenceError: $ is not defined
JavaScript error: https://www.betexplorer.com/soccer/england/premier-league/ line 692 > scriptElement, line 1: ReferenceError: $ is not defined
JavaScript error: https://www.betexplorer.com/soccer/england/premier-league/watford-southampton/OUs0DA9C/ line 692 > scriptElement, line 1: ReferenceError: $ is not defined
JavaScript error: https://www.betexplorer.com/soccer/england/premier-league/watford-southampton/OUs0DA9C/ line 692 > scriptElement, line 1: ReferenceError: $ is not defined
JavaScript error: https://www.betexplorer.com/soccer/england/premier-league/watford-southampton/OUs0DA9C/ line 692 > scriptElement, line 1: ReferenceError: $ is not defined
JavaScript error: https://www.betexplorer.com/soccer/england/premier-league/crystal-palace-burnley/fkjqHhAm/ line 692 > scriptElement, line 1: ReferenceError: $ is not defined
JavaScript error: https://www.betexplorer.com/soccer/england/premier-league/crystal-palace-burnley/fkjqHhAm/ line 692 > scriptElement, line 1: ReferenceError: $ is not defined
JavaScript error: https://www.betexplorer.com/soccer/england/premier-league/crystal-palace-burnley/fkjqHhAm/ line 692 > scriptElement, line 1: ReferenceError: $ is not defined
JavaScript error: https://www.betexplorer.com/soccer/england/premier-league/ line 692 > scriptElement, line 1: ReferenceError: $ is not defined
JavaScript error: https://www.betexplorer.com/soccer/england/premier-league/ line 692 > scriptElement, line 1: ReferenceError: $ is not defined
JavaScript error: https://www.betexplorer.com/soccer/england/premier-league/ line 692 > scriptElement, line 1: ReferenceError: $ is not defined
JavaScript error: https://www.betexplorer.com/soccer/england/premier-league/ line 692 > scriptElement, line 1: ReferenceError: $ is not defined
JavaScript error: https://www.betexplorer.com/soccer/england/premier-league/ line 692 > scriptElement, line 1: ReferenceError: $ is not defined
JavaScript error: https://www.betexplorer.com/soccer/england/premier-league/ line 692 > scriptElement, line 1: ReferenceError: $ is not defined
JavaScript error: https://www.betexplorer.com/soccer/england/premier-league/bournemouth-newcastle-utd/Kz0YbBfJ/ line 692 > scriptElement, line 1: ReferenceError: $ is not defined
JavaScript error: https://www.betexplorer.com/soccer/england/premier-league/bournemouth-newcastle-utd/Kz0YbBfJ/ line 692 > scriptElement, line 1: ReferenceError: $ is not defined
JavaScript error: https://www.betexplorer.com/soccer/england/premier-league/bournemouth-newcastle-utd/Kz0YbBfJ/ line 692 > scriptElement, line 1: ReferenceError: $ is not defined
JavaScript error: https://www.betexplorer.com/soccer/england/premier-league/ line 692 > scriptElement, line 1: ReferenceError: $ is not defined
JavaScript error: https://www.betexplorer.com/soccer/england/premier-league/ line 692 > scriptElement, line 1: ReferenceError: $ is not defined
JavaScript error: https://www.betexplorer.com/soccer/england/premier-league/ line 692 > scriptElement, line 1: ReferenceError: $ is not defined
JavaScript error: https://www.betexplorer.com/soccer/england/premier-league/arsenal-norwich/YwlGNfXJ/ line 692 > scriptElement, line 1: ReferenceError: $ is not defined
JavaScript error: https://www.betexplorer.com/soccer/england/premier-league/arsenal-norwich/YwlGNfXJ/ line 692 > scriptElement, line 1: ReferenceError: $ is not defined
JavaScript error: https://www.betexplorer.com/soccer/england/premier-league/arsenal-norwich/YwlGNfXJ/ line 692 > scriptElement, line 1: ReferenceError: $ is not defined
JavaScript error: https://www.betexplorer.com/soccer/england/premier-league/ line 692 > scriptElement, line 1: ReferenceError: $ is not defined
JavaScript error: https://www.betexplorer.com/soccer/england/premier-league/ line 692 > scriptElement, line 1: ReferenceError: $ is not defined
JavaScript error: https://www.betexplorer.com/soccer/england/premier-league/ line 692 > scriptElement, line 1: ReferenceError: $ is not defined
JavaScript error: https://www.betexplorer.com/soccer/england/premier-league/ line 692 > scriptElement, line 1: ReferenceError: $ is not defined
JavaScript error: https://www.betexplorer.com/soccer/england/premier-league/ line 692 > scriptElement, line 1: ReferenceError: $ is not defined
JavaScript error: https://www.betexplorer.com/soccer/england/premier-league/ line 692 > scriptElement, line 1: ReferenceError: $ is not defined
JavaScript error: https://www.betexplorer.com/soccer/england/premier-league/ line 692 > scriptElement, line 1: ReferenceError: $ is not defined
JavaScript error: https://www.betexplorer.com/soccer/england/premier-league/ line 692 > scriptElement, line 1: ReferenceError: $ is not defined
JavaScript error: https://www.betexplorer.com/soccer/england/premier-league/ line 692 > scriptElement, line 1: ReferenceError: $ is not defined
1593332340943	Marionette	INFO	Stopped listening on port 63845

###!!! [Child][RunMessage] Error: Channel closing: too late to send/recv, messages will be lost


###!!! [Child][MessageChannel::SendAndWait] Error: Channel error: cannot send/recv

1593332360902	mozrunner::runner	INFO	Running command: "C:\\Program Files\\Mozilla Firefox\\firefox.exe" "-marionette" "-foreground" "-no-remote" "-profile" "C:\\Users\\pedro\\AppData\\Local\\Temp\\rust_mozprofileeC6QXA"
JavaScript error: resource://gre/modules/XULStore.jsm, line 66: Error: Can't find profile directory.
1593332363520	Marionette	INFO	Listening on port 63980
1593332364022	Marionette	WARN	TLS certificate errors will be ignored for this session
JavaScript error: https://www.betexplorer.com/soccer/spain/laliga/ line 692 > scriptElement, line 1: ReferenceError: $ is not defined
JavaScript error: https://www.betexplorer.com/soccer/spain/laliga/ line 692 > scriptElement, line 1: ReferenceError: $ is not defined
JavaScript error: https://www.betexplorer.com/soccer/spain/laliga/ line 692 > scriptElement, line 1: ReferenceError: $ is not defined
JavaScript error: https://www.betexplorer.com/soccer/spain/laliga/ line 692 > scriptElement, line 1: ReferenceError: $ is not defined
JavaScript error: https://www.betexplorer.com/soccer/spain/laliga/ line 692 > scriptElement, line 1: ReferenceError: $ is not defined
JavaScript error: https://www.betexplorer.com/soccer/spain/laliga/ line 692 > scriptElement, line 1: ReferenceError: $ is not defined
JavaScript error: https://www.betexplorer.com/soccer/spain/laliga/levante-betis/UB8XmycF/ line 692 > scriptElement, line 1: ReferenceError: $ is not defined
JavaScript error: https://www.betexplorer.com/soccer/spain/laliga/levante-betis/UB8XmycF/ line 692 > scriptElement, line 1: ReferenceError: $ is not defined
JavaScript error: https://www.betexplorer.com/soccer/spain/laliga/levante-betis/UB8XmycF/ line 692 > scriptElement, line 1: ReferenceError: $ is not defined
JavaScript error: https://www.betexplorer.com/soccer/spain/laliga/ line 692 > scriptElement, line 1: ReferenceError: $ is not defined
JavaScript error: https://www.betexplorer.com/soccer/spain/laliga/ line 692 > scriptElement, line 1: ReferenceError: $ is not defined
JavaScript error: https://www.betexplorer.com/soccer/spain/laliga/ line 692 > scriptElement, line 1: ReferenceError: $ is not defined
JavaScript error: https://www.betexplorer.com/soccer/spain/laliga/granada-cf-eibar/zk9TlHs9/ line 692 > scriptElement, line 1: ReferenceError: $ is not defined
JavaScript error: https://www.betexplorer.com/soccer/spain/laliga/granada-cf-eibar/zk9TlHs9/ line 692 > scriptElement, line 1: ReferenceError: $ is not defined
JavaScript error: https://www.betexplorer.com/soccer/spain/laliga/granada-cf-eibar/zk9TlHs9/ line 692 > scriptElement, line 1: ReferenceError: $ is not defined
JavaScript error: https://www.betexplorer.com/soccer/spain/laliga/ line 692 > scriptElement, line 1: ReferenceError: $ is not defined
JavaScript error: https://www.betexplorer.com/soccer/spain/laliga/ line 692 > scriptElement, line 1: ReferenceError: $ is not defined
JavaScript error: https://www.betexplorer.com/soccer/spain/laliga/ line 692 > scriptElement, line 1: ReferenceError: $ is not defined
JavaScript error: https://www.betexplorer.com/soccer/spain/laliga/espanyol-real-madrid/M9RtRDk2/ line 692 > scriptElement, line 1: ReferenceError: $ is not defined
JavaScript error: https://www.betexplorer.com/soccer/spain/laliga/espanyol-real-madrid/M9RtRDk2/ line 692 > scriptElement, line 1: ReferenceError: $ is not defined
JavaScript error: https://www.betexplorer.com/soccer/spain/laliga/espanyol-real-madrid/M9RtRDk2/ line 692 > scriptElement, line 1: ReferenceError: $ is not defined
JavaScript error: https://www.betexplorer.com/soccer/spain/laliga/getafe-real-sociedad/OE5PkcS2/ line 692 > scriptElement, line 1: ReferenceError: $ is not defined
JavaScript error: https://www.betexplorer.com/soccer/spain/laliga/getafe-real-sociedad/OE5PkcS2/ line 692 > scriptElement, line 1: ReferenceError: $ is not defined
JavaScript error: https://www.betexplorer.com/soccer/spain/laliga/getafe-real-sociedad/OE5PkcS2/ line 692 > scriptElement, line 1: ReferenceError: $ is not defined
1593332441965	Marionette	INFO	Stopped listening on port 63980

###!!! [Child][RunMessage] Error: Channel closing: too late to send/recv, messages will be lost

1593332468914	mozrunner::runner	INFO	Running command: "C:\\Program Files\\Mozilla Firefox\\firefox.exe" "-marionette" "-foreground" "-no-remote" "-profile" "C:\\Users\\pedro\\AppData\\Local\\Temp\\rust_mozprofilewmwDlh"
JavaScript error: resource://gre/modules/XULStore.jsm, line 66: Error: Can't find profile directory.
1593332471730	Marionette	INFO	Listening on port 64108
1593332472029	Marionette	WARN	TLS certificate errors will be ignored for this session
JavaScript error: https://www.betexplorer.com/soccer/italy/serie-a/ line 692 > scriptElement, line 1: ReferenceError: $ is not defined
JavaScript error: https://www.betexplorer.com/soccer/italy/serie-a/ line 692 > scriptElement, line 1: ReferenceError: $ is not defined
JavaScript error: https://www.betexplorer.com/soccer/italy/serie-a/ line 692 > scriptElement, line 1: ReferenceError: $ is not defined
JavaScript error: https://www.betexplorer.com/soccer/italy/serie-a/ac-milan-as-roma/KYQOElwr/ line 692 > scriptElement, line 1: ReferenceError: $ is not defined
JavaScript error: https://www.betexplorer.com/soccer/italy/serie-a/ac-milan-as-roma/KYQOElwr/ line 692 > scriptElement, line 1: ReferenceError: $ is not defined
JavaScript error: https://www.betexplorer.com/soccer/italy/serie-a/ac-milan-as-roma/KYQOElwr/ line 692 > scriptElement, line 1: ReferenceError: $ is not defined
JavaScript error: https://www.betexplorer.com/soccer/italy/serie-a/ line 692 > scriptElement, line 1: ReferenceError: $ is not defined
JavaScript error: https://www.betexplorer.com/soccer/italy/serie-a/ line 692 > scriptElement, line 1: ReferenceError: $ is not defined
JavaScript error: https://www.betexplorer.com/soccer/italy/serie-a/ line 692 > scriptElement, line 1: ReferenceError: $ is not defined
JavaScript error: https://www.betexplorer.com/soccer/italy/serie-a/udinese-atalanta/KIx1a9we/ line 692 > scriptElement, line 1: ReferenceError: $ is not defined
JavaScript error: https://www.betexplorer.com/soccer/italy/serie-a/udinese-atalanta/KIx1a9we/ line 692 > scriptElement, line 1: ReferenceError: $ is not defined
JavaScript error: https://www.betexplorer.com/soccer/italy/serie-a/udinese-atalanta/KIx1a9we/ line 692 > scriptElement, line 1: ReferenceError: $ is not defined
1593332515632	Marionette	WARN	TimedPromise timed out after 500 ms: stacktrace:
TimedPromise/<@chrome://marionette/content/sync.js:245:13
TimedPromise@chrome://marionette/content/sync.js:230:10
interaction.flushEventLoop@chrome://marionette/content/interaction.js:416:10
webdriverClickElement@chrome://marionette/content/interaction.js:182:31
JavaScript error: https://www.betexplorer.com/soccer/italy/serie-a/sampdoria-bologna/0UgbbTh1/ line 692 > scriptElement, line 1: ReferenceError: $ is not defined
JavaScript error: https://www.betexplorer.com/soccer/italy/serie-a/sampdoria-bologna/0UgbbTh1/ line 692 > scriptElement, line 1: ReferenceError: $ is not defined
JavaScript error: https://www.betexplorer.com/soccer/italy/serie-a/sampdoria-bologna/0UgbbTh1/ line 692 > scriptElement, line 1: ReferenceError: $ is not defined
JavaScript error: https://www.betexplorer.com/soccer/italy/serie-a/ line 692 > scriptElement, line 1: ReferenceError: $ is not defined
JavaScript error: https://www.betexplorer.com/soccer/italy/serie-a/ line 692 > scriptElement, line 1: ReferenceError: $ is not defined
JavaScript error: https://www.betexplorer.com/soccer/italy/serie-a/ line 692 > scriptElement, line 1: ReferenceError: $ is not defined
JavaScript error: https://www.betexplorer.com/soccer/italy/serie-a/sassuolo-verona/6RplLj0E/ line 692 > scriptElement, line 1: ReferenceError: $ is not defined
JavaScript error: https://www.betexplorer.com/soccer/italy/serie-a/sassuolo-verona/6RplLj0E/ line 692 > scriptElement, line 1: ReferenceError: $ is not defined
JavaScript error: https://www.betexplorer.com/soccer/italy/serie-a/sassuolo-verona/6RplLj0E/ line 692 > scriptElement, line 1: ReferenceError: $ is not defined
JavaScript error: https://www.betexplorer.com/soccer/italy/serie-a/napoli-spal/bPPSD8hl/ line 692 > scriptElement, line 1: ReferenceError: $ is not defined
JavaScript error: https://www.betexplorer.com/soccer/italy/serie-a/napoli-spal/bPPSD8hl/ line 692 > scriptElement, line 1: ReferenceError: $ is not defined
JavaScript error: https://www.betexplorer.com/soccer/italy/serie-a/napoli-spal/bPPSD8hl/ line 692 > scriptElement, line 1: ReferenceError: $ is not defined
JavaScript error: https://www.betexplorer.com/soccer/italy/serie-a/parma-inter/ljzgKAFK/ line 692 > scriptElement, line 1: ReferenceError: $ is not defined
JavaScript error: https://www.betexplorer.com/soccer/italy/serie-a/parma-inter/ljzgKAFK/ line 692 > scriptElement, line 1: ReferenceError: $ is not defined
JavaScript error: https://www.betexplorer.com/soccer/italy/serie-a/parma-inter/ljzgKAFK/ line 692 > scriptElement, line 1: ReferenceError: $ is not defined
1593332563974	Marionette	INFO	Stopped listening on port 64108

###!!! [Child][RunMessage] Error: Channel closing: too late to send/recv, messages will be lost


###!!! [Child][MessageChannel::SendAndWait] Error: Channel error: cannot send/recv

1593349940540	mozrunner::runner	INFO	Running command: "C:\\Program Files\\Mozilla Firefox\\firefox.exe" "-marionette" "-foreground" "-no-remote" "-profile" "C:\\Users\\pedro\\AppData\\Local\\Temp\\rust_mozprofilez5mOcu"
JavaScript error: resource://gre/modules/XULStore.jsm, line 66: Error: Can't find profile directory.
1593349944216	Marionette	INFO	Listening on port 51952
1593349944293	Marionette	WARN	TLS certificate errors will be ignored for this session
JavaScript error: https://www.betexplorer.com/soccer/england/premier-league/watford-southampton/OUs0DA9C/ line 692 > scriptElement, line 1: ReferenceError: $ is not defined
JavaScript error: https://www.betexplorer.com/soccer/england/premier-league/watford-southampton/OUs0DA9C/ line 692 > scriptElement, line 1: ReferenceError: $ is not defined
JavaScript error: https://www.betexplorer.com/soccer/england/premier-league/watford-southampton/OUs0DA9C/ line 692 > scriptElement, line 1: ReferenceError: $ is not defined
JavaScript error: https://www.betexplorer.com/soccer/england/premier-league/ line 692 > scriptElement, line 1: ReferenceError: $ is not defined
JavaScript error: https://www.betexplorer.com/soccer/england/premier-league/ line 692 > scriptElement, line 1: ReferenceError: $ is not defined
JavaScript error: https://www.betexplorer.com/soccer/england/premier-league/ line 692 > scriptElement, line 1: ReferenceError: $ is not defined
JavaScript error: https://www.betexplorer.com/soccer/england/premier-league/ line 692 > scriptElement, line 1: ReferenceError: $ is not defined
JavaScript error: https://www.betexplorer.com/soccer/england/premier-league/ line 692 > scriptElement, line 1: ReferenceError: $ is not defined
JavaScript error: https://www.betexplorer.com/soccer/england/premier-league/ line 692 > scriptElement, line 1: ReferenceError: $ is not defined
JavaScript error: https://www.betexplorer.com/soccer/england/premier-league/brighton-manchester-united/GbiuIYfs/ line 692 > scriptElement, line 1: ReferenceError: $ is not defined
JavaScript error: https://www.betexplorer.com/soccer/england/premier-league/brighton-manchester-united/GbiuIYfs/ line 692 > scriptElement, line 1: ReferenceError: $ is not defined
JavaScript error: https://www.betexplorer.com/soccer/england/premier-league/brighton-manchester-united/GbiuIYfs/ line 692 > scriptElement, line 1: ReferenceError: $ is not defined
JavaScript error: https://www.betexplorer.com/soccer/england/premier-league/bournemouth-newcastle-utd/Kz0YbBfJ/ line 692 > scriptElement, line 1: ReferenceError: $ is not defined
JavaScript error: https://www.betexplorer.com/soccer/england/premier-league/bournemouth-newcastle-utd/Kz0YbBfJ/ line 692 > scriptElement, line 1: ReferenceError: $ is not defined
JavaScript error: https://www.betexplorer.com/soccer/england/premier-league/bournemouth-newcastle-utd/Kz0YbBfJ/ line 692 > scriptElement, line 1: ReferenceError: $ is not defined
JavaScript error: https://www.betexplorer.com/soccer/england/premier-league/ line 692 > scriptElement, line 1: ReferenceError: $ is not defined
JavaScript error: https://www.betexplorer.com/soccer/england/premier-league/ line 692 > scriptElement, line 1: ReferenceError: $ is not defined
JavaScript error: https://www.betexplorer.com/soccer/england/premier-league/ line 692 > scriptElement, line 1: ReferenceError: $ is not defined
JavaScript error: https://www.betexplorer.com/soccer/england/premier-league/arsenal-norwich/YwlGNfXJ/ line 692 > scriptElement, line 1: ReferenceError: $ is not defined
JavaScript error: https://www.betexplorer.com/soccer/england/premier-league/arsenal-norwich/YwlGNfXJ/ line 692 > scriptElement, line 1: ReferenceError: $ is not defined
JavaScript error: https://www.betexplorer.com/soccer/england/premier-league/arsenal-norwich/YwlGNfXJ/ line 692 > scriptElement, line 1: ReferenceError: $ is not defined
JavaScript error: https://www.betexplorer.com/soccer/england/premier-league/ line 692 > scriptElement, line 1: ReferenceError: $ is not defined
JavaScript error: https://www.betexplorer.com/soccer/england/premier-league/ line 692 > scriptElement, line 1: ReferenceError: $ is not defined
JavaScript error: https://www.betexplorer.com/soccer/england/premier-league/ line 692 > scriptElement, line 1: ReferenceError: $ is not defined
JavaScript error: https://www.betexplorer.com/soccer/england/premier-league/ line 692 > scriptElement, line 1: ReferenceError: $ is not defined
JavaScript error: https://www.betexplorer.com/soccer/england/premier-league/ line 692 > scriptElement, line 1: ReferenceError: $ is not defined
JavaScript error: https://www.betexplorer.com/soccer/england/premier-league/ line 692 > scriptElement, line 1: ReferenceError: $ is not defined
1593350078091	Marionette	INFO	Stopped listening on port 51952

###!!! [Child][RunMessage] Error: Channel closing: too late to send/recv, messages will be lost


###!!! [Child][MessageChannel::SendAndWait] Error: Channel error: cannot send/recv

1593350097780	mozrunner::runner	INFO	Running command: "C:\\Program Files\\Mozilla Firefox\\firefox.exe" "-marionette" "-foreground" "-no-remote" "-profile" "C:\\Users\\pedro\\AppData\\Local\\Temp\\rust_mozprofilecI1kTu"
JavaScript error: resource://gre/modules/XULStore.jsm, line 66: Error: Can't find profile directory.
1593350100247	Marionette	INFO	Listening on port 52084
1593350100439	Marionette	WARN	TLS certificate errors will be ignored for this session
JavaScript error: https://www.betexplorer.com/soccer/spain/laliga/villarreal-valencia/Snl8sZZr/ line 692 > scriptElement, line 1: ReferenceError: $ is not defined
JavaScript error: https://www.betexplorer.com/soccer/spain/laliga/villarreal-valencia/Snl8sZZr/ line 692 > scriptElement, line 1: ReferenceError: $ is not defined
JavaScript error: https://www.betexplorer.com/soccer/spain/laliga/villarreal-valencia/Snl8sZZr/ line 692 > scriptElement, line 1: ReferenceError: $ is not defined
JavaScript error: https://www.betexplorer.com/soccer/spain/laliga/ line 692 > scriptElement, line 1: ReferenceError: $ is not defined
JavaScript error: https://www.betexplorer.com/soccer/spain/laliga/ line 692 > scriptElement, line 1: ReferenceError: $ is not defined
JavaScript error: https://www.betexplorer.com/soccer/spain/laliga/ line 692 > scriptElement, line 1: ReferenceError: $ is not defined
JavaScript error: https://www.betexplorer.com/soccer/spain/laliga/levante-betis/UB8XmycF/ line 692 > scriptElement, line 1: ReferenceError: $ is not defined
JavaScript error: https://www.betexplorer.com/soccer/spain/laliga/levante-betis/UB8XmycF/ line 692 > scriptElement, line 1: ReferenceError: $ is not defined
JavaScript error: https://www.betexplorer.com/soccer/spain/laliga/levante-betis/UB8XmycF/ line 692 > scriptElement, line 1: ReferenceError: $ is not defined
JavaScript error: https://www.betexplorer.com/soccer/spain/laliga/ line 692 > scriptElement, line 1: ReferenceError: $ is not defined
JavaScript error: https://www.betexplorer.com/soccer/spain/laliga/ line 692 > scriptElement, line 1: ReferenceError: $ is not defined
JavaScript error: https://www.betexplorer.com/soccer/spain/laliga/ line 692 > scriptElement, line 1: ReferenceError: $ is not defined
JavaScript error: https://www.betexplorer.com/soccer/spain/laliga/ line 692 > scriptElement, line 1: ReferenceError: $ is not defined
JavaScript error: https://www.betexplorer.com/soccer/spain/laliga/ line 692 > scriptElement, line 1: ReferenceError: $ is not defined
JavaScript error: https://www.betexplorer.com/soccer/spain/laliga/ line 692 > scriptElement, line 1: ReferenceError: $ is not defined
JavaScript error: https://www.betexplorer.com/soccer/spain/laliga/espanyol-real-madrid/M9RtRDk2/ line 692 > scriptElement, line 1: ReferenceError: $ is not defined
JavaScript error: https://www.betexplorer.com/soccer/spain/laliga/espanyol-real-madrid/M9RtRDk2/ line 692 > scriptElement, line 1: ReferenceError: $ is not defined
JavaScript error: https://www.betexplorer.com/soccer/spain/laliga/espanyol-real-madrid/M9RtRDk2/ line 692 > scriptElement, line 1: ReferenceError: $ is not defined
JavaScript error: https://www.betexplorer.com/soccer/spain/laliga/ line 692 > scriptElement, line 1: ReferenceError: $ is not defined
JavaScript error: https://www.betexplorer.com/soccer/spain/laliga/ line 692 > scriptElement, line 1: ReferenceError: $ is not defined
JavaScript error: https://www.betexplorer.com/soccer/spain/laliga/ line 692 > scriptElement, line 1: ReferenceError: $ is not defined
1593350174871	Marionette	INFO	Stopped listening on port 52084

###!!! [Child][RunMessage] Error: Channel closing: too late to send/recv, messages will be lost


###!!! [Child][MessageChannel::SendAndWait] Error: Channel error: cannot send/recv

1593398075654	mozrunner::runner	INFO	Running command: "C:\\Program Files\\Mozilla Firefox\\firefox.exe" "-marionette" "-foreground" "-no-remote" "-profile" "C:\\Users\\pedro\\AppData\\Local\\Temp\\rust_mozprofileAAfw1L"
JavaScript error: resource://gre/modules/XULStore.jsm, line 66: Error: Can't find profile directory.
1593398078063	Marionette	INFO	Listening on port 55899
1593398078273	Marionette	WARN	TLS certificate errors will be ignored for this session
JavaScript error: https://www.betexplorer.com/soccer/england/premier-league/ line 692 > scriptElement, line 1: ReferenceError: $ is not defined
JavaScript error: https://www.betexplorer.com/soccer/england/premier-league/ line 692 > scriptElement, line 1: ReferenceError: $ is not defined
JavaScript error: https://www.betexplorer.com/soccer/england/premier-league/ line 692 > scriptElement, line 1: ReferenceError: $ is not defined
JavaScript error: https://www.betexplorer.com/soccer/england/premier-league/brighton-manchester-united/GbiuIYfs/ line 692 > scriptElement, line 1: ReferenceError: $ is not defined
JavaScript error: https://www.betexplorer.com/soccer/england/premier-league/brighton-manchester-united/GbiuIYfs/ line 692 > scriptElement, line 1: ReferenceError: $ is not defined
JavaScript error: https://www.betexplorer.com/soccer/england/premier-league/brighton-manchester-united/GbiuIYfs/ line 692 > scriptElement, line 1: ReferenceError: $ is not defined
JavaScript error: https://www.betexplorer.com/soccer/england/premier-league/bournemouth-newcastle-utd/Kz0YbBfJ/ line 692 > scriptElement, line 1: ReferenceError: $ is not defined
JavaScript error: https://www.betexplorer.com/soccer/england/premier-league/bournemouth-newcastle-utd/Kz0YbBfJ/ line 692 > scriptElement, line 1: ReferenceError: $ is not defined
JavaScript error: https://www.betexplorer.com/soccer/england/premier-league/bournemouth-newcastle-utd/Kz0YbBfJ/ line 692 > scriptElement, line 1: ReferenceError: $ is not defined
JavaScript error: https://www.betexplorer.com/soccer/england/premier-league/ line 692 > scriptElement, line 1: ReferenceError: $ is not defined
JavaScript error: https://www.betexplorer.com/soccer/england/premier-league/ line 692 > scriptElement, line 1: ReferenceError: $ is not defined
JavaScript error: https://www.betexplorer.com/soccer/england/premier-league/ line 692 > scriptElement, line 1: ReferenceError: $ is not defined
JavaScript error: https://www.betexplorer.com/soccer/england/premier-league/arsenal-norwich/YwlGNfXJ/ line 692 > scriptElement, line 1: ReferenceError: $ is not defined
JavaScript error: https://www.betexplorer.com/soccer/england/premier-league/arsenal-norwich/YwlGNfXJ/ line 692 > scriptElement, line 1: ReferenceError: $ is not defined
JavaScript error: https://www.betexplorer.com/soccer/england/premier-league/arsenal-norwich/YwlGNfXJ/ line 692 > scriptElement, line 1: ReferenceError: $ is not defined
JavaScript error: https://www.betexplorer.com/soccer/england/premier-league/everton-leicester/lCkmGCPg/ line 692 > scriptElement, line 1: ReferenceError: $ is not defined
JavaScript error: https://www.betexplorer.com/soccer/england/premier-league/everton-leicester/lCkmGCPg/ line 692 > scriptElement, line 1: ReferenceError: $ is not defined
JavaScript error: https://www.betexplorer.com/soccer/england/premier-league/everton-leicester/lCkmGCPg/ line 692 > scriptElement, line 1: ReferenceError: $ is not defined
JavaScript error: https://www.betexplorer.com/soccer/england/premier-league/ line 692 > scriptElement, line 1: ReferenceError: $ is not defined
JavaScript error: https://www.betexplorer.com/soccer/england/premier-league/ line 692 > scriptElement, line 1: ReferenceError: $ is not defined
JavaScript error: https://www.betexplorer.com/soccer/england/premier-league/ line 692 > scriptElement, line 1: ReferenceError: $ is not defined
JavaScript error: https://www.betexplorer.com/soccer/england/premier-league/sheffield-utd-tottenham/pvqdEjf6/ line 692 > scriptElement, line 1: ReferenceError: $ is not defined
JavaScript error: https://www.betexplorer.com/soccer/england/premier-league/sheffield-utd-tottenham/pvqdEjf6/ line 692 > scriptElement, line 1: ReferenceError: $ is not defined
JavaScript error: https://www.betexplorer.com/soccer/england/premier-league/sheffield-utd-tottenham/pvqdEjf6/ line 692 > scriptElement, line 1: ReferenceError: $ is not defined
JavaScript error: https://www.betexplorer.com/soccer/england/premier-league/ line 692 > scriptElement, line 1: ReferenceError: $ is not defined
JavaScript error: https://www.betexplorer.com/soccer/england/premier-league/ line 692 > scriptElement, line 1: ReferenceError: $ is not defined
JavaScript error: https://www.betexplorer.com/soccer/england/premier-league/ line 692 > scriptElement, line 1: ReferenceError: $ is not defined
JavaScript error: https://www.betexplorer.com/soccer/england/premier-league/manchester-city-liverpool/2FgiFWv0/ line 692 > scriptElement, line 1: ReferenceError: $ is not defined
JavaScript error: https://www.betexplorer.com/soccer/england/premier-league/manchester-city-liverpool/2FgiFWv0/ line 692 > scriptElement, line 1: ReferenceError: $ is not defined
JavaScript error: https://www.betexplorer.com/soccer/england/premier-league/manchester-city-liverpool/2FgiFWv0/ line 692 > scriptElement, line 1: ReferenceError: $ is not defined
1593398197646	Marionette	INFO	Stopped listening on port 55899

###!!! [Child][RunMessage] Error: Channel closing: too late to send/recv, messages will be lost


###!!! [Child][MessageChannel::SendAndWait] Error: Channel error: cannot send/recv

1593398207580	mozrunner::runner	INFO	Running command: "C:\\Program Files\\Mozilla Firefox\\firefox.exe" "-marionette" "-foreground" "-no-remote" "-profile" "C:\\Users\\pedro\\AppData\\Local\\Temp\\rust_mozprofilegkfD00"
JavaScript error: resource://gre/modules/XULStore.jsm, line 66: Error: Can't find profile directory.
1593398210391	Marionette	INFO	Listening on port 56112
1593398210701	Marionette	WARN	TLS certificate errors will be ignored for this session
JavaScript error: https://www.betexplorer.com/soccer/spain/laliga/getafe-real-sociedad/OE5PkcS2/ line 692 > scriptElement, line 1: ReferenceError: $ is not defined
JavaScript error: https://www.betexplorer.com/soccer/spain/laliga/getafe-real-sociedad/OE5PkcS2/ line 692 > scriptElement, line 1: ReferenceError: $ is not defined
JavaScript error: https://www.betexplorer.com/soccer/spain/laliga/getafe-real-sociedad/OE5PkcS2/ line 692 > scriptElement, line 1: ReferenceError: $ is not defined
1593398230722	Marionette	INFO	Stopped listening on port 56112

###!!! [Child][MessageChannel] Error: (msgtype=0x59000D,name=PHttpChannel::Msg_DeletingChannel) Channel closing: too late to send/recv, messages will be lost


###!!! [Child][RunMessage] Error: Channel closing: too late to send/recv, messages will be lost

1593442986703	mozrunner::runner	INFO	Running command: "C:\\Program Files\\Mozilla Firefox\\firefox.exe" "-marionette" "-foreground" "-no-remote" "-profile" "C:\\Users\\pedro\\AppData\\Local\\Temp\\rust_mozprofilehlvFnt"
JavaScript error: resource://gre/modules/XULStore.jsm, line 66: Error: Can't find profile directory.
1593442989320	Marionette	INFO	Listening on port 49446
1593442989394	Marionette	WARN	TLS certificate errors will be ignored for this session
JavaScript error: https://www.betexplorer.com/soccer/england/premier-league/ line 692 > scriptElement, line 1: ReferenceError: $ is not defined
JavaScript error: https://www.betexplorer.com/soccer/england/premier-league/ line 692 > scriptElement, line 1: ReferenceError: $ is not defined
JavaScript error: https://www.betexplorer.com/soccer/england/premier-league/ line 692 > scriptElement, line 1: ReferenceError: $ is not defined
JavaScript error: https://www.betexplorer.com/soccer/england/premier-league/ line 692 > scriptElement, line 1: ReferenceError: $ is not defined
JavaScript error: https://www.betexplorer.com/soccer/england/premier-league/ line 692 > scriptElement, line 1: ReferenceError: $ is not defined
JavaScript error: https://www.betexplorer.com/soccer/england/premier-league/ line 692 > scriptElement, line 1: ReferenceError: $ is not defined
JavaScript error: https://www.betexplorer.com/soccer/england/premier-league/bournemouth-newcastle-utd/Kz0YbBfJ/ line 692 > scriptElement, line 1: ReferenceError: $ is not defined
JavaScript error: https://www.betexplorer.com/soccer/england/premier-league/bournemouth-newcastle-utd/Kz0YbBfJ/ line 692 > scriptElement, line 1: ReferenceError: $ is not defined
JavaScript error: https://www.betexplorer.com/soccer/england/premier-league/bournemouth-newcastle-utd/Kz0YbBfJ/ line 692 > scriptElement, line 1: ReferenceError: $ is not defined
JavaScript error: https://www.betexplorer.com/soccer/england/premier-league/ line 692 > scriptElement, line 1: ReferenceError: $ is not defined
JavaScript error: https://www.betexplorer.com/soccer/england/premier-league/ line 692 > scriptElement, line 1: ReferenceError: $ is not defined
JavaScript error: https://www.betexplorer.com/soccer/england/premier-league/ line 692 > scriptElement, line 1: ReferenceError: $ is not defined
JavaScript error: https://www.betexplorer.com/soccer/england/premier-league/ line 692 > scriptElement, line 1: ReferenceError: $ is not defined
JavaScript error: https://www.betexplorer.com/soccer/england/premier-league/ line 692 > scriptElement, line 1: ReferenceError: $ is not defined
JavaScript error: https://www.betexplorer.com/soccer/england/premier-league/ line 692 > scriptElement, line 1: ReferenceError: $ is not defined
JavaScript error: https://www.betexplorer.com/soccer/england/premier-league/ line 692 > scriptElement, line 1: ReferenceError: $ is not defined
JavaScript error: https://www.betexplorer.com/soccer/england/premier-league/ line 692 > scriptElement, line 1: ReferenceError: $ is not defined
JavaScript error: https://www.betexplorer.com/soccer/england/premier-league/ line 692 > scriptElement, line 1: ReferenceError: $ is not defined
JavaScript error: https://www.betexplorer.com/soccer/england/premier-league/manchester-city-liverpool/2FgiFWv0/ line 692 > scriptElement, line 1: ReferenceError: $ is not defined
JavaScript error: https://www.betexplorer.com/soccer/england/premier-league/manchester-city-liverpool/2FgiFWv0/ line 692 > scriptElement, line 1: ReferenceError: $ is not defined
JavaScript error: https://www.betexplorer.com/soccer/england/premier-league/manchester-city-liverpool/2FgiFWv0/ line 692 > scriptElement, line 1: ReferenceError: $ is not defined
1593443105472	Marionette	INFO	Stopped listening on port 49446

###!!! [Child][RunMessage] Error: Channel closing: too late to send/recv, messages will be lost


###!!! [Child][MessageChannel::SendAndWait] Error: Channel error: cannot send/recv

1593443115255	mozrunner::runner	INFO	Running command: "C:\\Program Files\\Mozilla Firefox\\firefox.exe" "-marionette" "-foreground" "-no-remote" "-profile" "C:\\Users\\pedro\\AppData\\Local\\Temp\\rust_mozprofileqHqxhI"
JavaScript error: resource://gre/modules/XULStore.jsm, line 66: Error: Can't find profile directory.
1593443117749	Marionette	INFO	Listening on port 49566
1593443117899	Marionette	WARN	TLS certificate errors will be ignored for this session
JavaScript error: https://www.betexplorer.com/soccer/spain/laliga/ line 692 > scriptElement, line 1: ReferenceError: $ is not defined
JavaScript error: https://www.betexplorer.com/soccer/spain/laliga/ line 692 > scriptElement, line 1: ReferenceError: $ is not defined
JavaScript error: https://www.betexplorer.com/soccer/spain/laliga/ line 692 > scriptElement, line 1: ReferenceError: $ is not defined
1593443138068	Marionette	INFO	Stopped listening on port 49566

###!!! [Child][RunMessage] Error: Channel closing: too late to send/recv, messages will be lost


###!!! [Child][MessageChannel::SendAndWait] Error: Channel error: cannot send/recv

1593462442272	mozrunner::runner	INFO	Running command: "C:\\Program Files\\Mozilla Firefox\\firefox.exe" "-marionette" "-foreground" "-no-remote" "-profile" "C:\\Users\\pedro\\AppData\\Local\\Temp\\rust_mozprofilePmXNIZ"
JavaScript error: resource://gre/modules/XULStore.jsm, line 66: Error: Can't find profile directory.
1593462446383	Marionette	INFO	Listening on port 50819
1593462446420	Marionette	WARN	TLS certificate errors will be ignored for this session
JavaScript error: https://www.betexplorer.com/soccer/england/premier-league/crystal-palace-burnley/fkjqHhAm/ line 693 > scriptElement, line 1: ReferenceError: $ is not defined
JavaScript error: https://www.betexplorer.com/soccer/england/premier-league/crystal-palace-burnley/fkjqHhAm/ line 693 > scriptElement, line 1: ReferenceError: $ is not defined
JavaScript error: https://www.betexplorer.com/soccer/england/premier-league/crystal-palace-burnley/fkjqHhAm/ line 693 > scriptElement, line 1: ReferenceError: $ is not defined
JavaScript error: https://www.betexplorer.com/soccer/england/premier-league/ line 693 > scriptElement, line 1: ReferenceError: $ is not defined
JavaScript error: https://www.betexplorer.com/soccer/england/premier-league/ line 693 > scriptElement, line 1: ReferenceError: $ is not defined
JavaScript error: https://www.betexplorer.com/soccer/england/premier-league/ line 693 > scriptElement, line 1: ReferenceError: $ is not defined
JavaScript error: https://www.betexplorer.com/soccer/england/premier-league/everton-leicester/lCkmGCPg/ line 693 > scriptElement, line 1: ReferenceError: $ is not defined
JavaScript error: https://www.betexplorer.com/soccer/england/premier-league/everton-leicester/lCkmGCPg/ line 693 > scriptElement, line 1: ReferenceError: $ is not defined
JavaScript error: https://www.betexplorer.com/soccer/england/premier-league/everton-leicester/lCkmGCPg/ line 693 > scriptElement, line 1: ReferenceError: $ is not defined
JavaScript error: https://www.betexplorer.com/soccer/england/premier-league/ line 693 > scriptElement, line 1: ReferenceError: $ is not defined
JavaScript error: https://www.betexplorer.com/soccer/england/premier-league/ line 693 > scriptElement, line 1: ReferenceError: $ is not defined
JavaScript error: https://www.betexplorer.com/soccer/england/premier-league/ line 693 > scriptElement, line 1: ReferenceError: $ is not defined
JavaScript error: https://www.betexplorer.com/soccer/england/premier-league/west-ham-chelsea/h4n4CUOI/ line 693 > scriptElement, line 1: ReferenceError: $ is not defined
JavaScript error: https://www.betexplorer.com/soccer/england/premier-league/west-ham-chelsea/h4n4CUOI/ line 693 > scriptElement, line 1: ReferenceError: $ is not defined
JavaScript error: https://www.betexplorer.com/soccer/england/premier-league/west-ham-chelsea/h4n4CUOI/ line 693 > scriptElement, line 1: ReferenceError: $ is not defined
1593462565107	Marionette	INFO	Stopped listening on port 50819

###!!! [Child][RunMessage] Error: Channel closing: too late to send/recv, messages will be lost


###!!! [Child][MessageChannel::SendAndWait] Error: Channel error: cannot send/recv

1593462574720	mozrunner::runner	INFO	Running command: "C:\\Program Files\\Mozilla Firefox\\firefox.exe" "-marionette" "-foreground" "-no-remote" "-profile" "C:\\Users\\pedro\\AppData\\Local\\Temp\\rust_mozprofileIgWehP"
JavaScript error: resource://gre/modules/XULStore.jsm, line 66: Error: Can't find profile directory.
1593462578184	Marionette	INFO	Listening on port 50999
1593462578345	Marionette	WARN	TLS certificate errors will be ignored for this session
JavaScript error: https://www.betexplorer.com/soccer/spain/laliga/ line 693 > scriptElement, line 1: ReferenceError: $ is not defined
JavaScript error: https://www.betexplorer.com/soccer/spain/laliga/ line 693 > scriptElement, line 1: ReferenceError: $ is not defined
JavaScript error: https://www.betexplorer.com/soccer/spain/laliga/ line 693 > scriptElement, line 1: ReferenceError: $ is not defined
1593462597483	Marionette	INFO	Stopped listening on port 50999

###!!! [Child][RunMessage] Error: Channel closing: too late to send/recv, messages will be lost


###!!! [Child][MessageChannel::SendAndWait] Error: Channel error: cannot send/recv

1593462632111	mozrunner::runner	INFO	Running command: "C:\\Program Files\\Mozilla Firefox\\firefox.exe" "-marionette" "-foreground" "-no-remote" "-profile" "C:\\Users\\pedro\\AppData\\Local\\Temp\\rust_mozprofileOszkBO"
JavaScript error: resource://gre/modules/XULStore.jsm, line 66: Error: Can't find profile directory.
1593462634699	Marionette	INFO	Listening on port 51102
1593462634734	Marionette	WARN	TLS certificate errors will be ignored for this session
JavaScript error: https://www.betexplorer.com/soccer/italy/serie-a/ line 693 > scriptElement, line 1: ReferenceError: $ is not defined
JavaScript error: https://www.betexplorer.com/soccer/italy/serie-a/ line 693 > scriptElement, line 1: ReferenceError: $ is not defined
JavaScript error: https://www.betexplorer.com/soccer/italy/serie-a/ line 693 > scriptElement, line 1: ReferenceError: $ is not defined
JavaScript error: https://www.betexplorer.com/soccer/italy/serie-a/ line 693 > scriptElement, line 1: ReferenceError: $ is not defined
JavaScript error: https://www.betexplorer.com/soccer/italy/serie-a/ line 693 > scriptElement, line 1: ReferenceError: $ is not defined
JavaScript error: https://www.betexplorer.com/soccer/italy/serie-a/ line 693 > scriptElement, line 1: ReferenceError: $ is not defined
JavaScript error: https://www.betexplorer.com/soccer/italy/serie-a/spal-ac-milan/QTxeHsat/ line 693 > scriptElement, line 1: ReferenceError: $ is not defined
JavaScript error: https://www.betexplorer.com/soccer/italy/serie-a/spal-ac-milan/QTxeHsat/ line 693 > scriptElement, line 1: ReferenceError: $ is not defined
JavaScript error: https://www.betexplorer.com/soccer/italy/serie-a/spal-ac-milan/QTxeHsat/ line 693 > scriptElement, line 1: ReferenceError: $ is not defined
JavaScript error: https://www.betexplorer.com/soccer/italy/serie-a/verona-parma/Ygt3FLTh/ line 693 > scriptElement, line 1: ReferenceError: $ is not defined
JavaScript error: https://www.betexplorer.com/soccer/italy/serie-a/verona-parma/Ygt3FLTh/ line 693 > scriptElement, line 1: ReferenceError: $ is not defined
JavaScript error: https://www.betexplorer.com/soccer/italy/serie-a/verona-parma/Ygt3FLTh/ line 693 > scriptElement, line 1: ReferenceError: $ is not defined
JavaScript error: https://www.betexplorer.com/soccer/italy/serie-a/ line 693 > scriptElement, line 1: ReferenceError: $ is not defined
JavaScript error: https://www.betexplorer.com/soccer/italy/serie-a/ line 693 > scriptElement, line 1: ReferenceError: $ is not defined
JavaScript error: https://www.betexplorer.com/soccer/italy/serie-a/ line 693 > scriptElement, line 1: ReferenceError: $ is not defined
JavaScript error: https://www.betexplorer.com/soccer/italy/serie-a/lecce-sampdoria/GIV7Euqa/ line 693 > scriptElement, line 1: ReferenceError: $ is not defined
JavaScript error: https://www.betexplorer.com/soccer/italy/serie-a/lecce-sampdoria/GIV7Euqa/ line 693 > scriptElement, line 1: ReferenceError: $ is not defined
JavaScript error: https://www.betexplorer.com/soccer/italy/serie-a/lecce-sampdoria/GIV7Euqa/ line 693 > scriptElement, line 1: ReferenceError: $ is not defined
JavaScript error: https://www.betexplorer.com/soccer/italy/serie-a/ line 693 > scriptElement, line 1: ReferenceError: $ is not defined
JavaScript error: https://www.betexplorer.com/soccer/italy/serie-a/ line 693 > scriptElement, line 1: ReferenceError: $ is not defined
JavaScript error: https://www.betexplorer.com/soccer/italy/serie-a/ line 693 > scriptElement, line 1: ReferenceError: $ is not defined
JavaScript error: https://www.betexplorer.com/soccer/italy/serie-a/fiorentina-sassuolo/f9UBDab5/ line 693 > scriptElement, line 1: ReferenceError: $ is not defined
JavaScript error: https://www.betexplorer.com/soccer/italy/serie-a/fiorentina-sassuolo/f9UBDab5/ line 693 > scriptElement, line 1: ReferenceError: $ is not defined
JavaScript error: https://www.betexplorer.com/soccer/italy/serie-a/fiorentina-sassuolo/f9UBDab5/ line 693 > scriptElement, line 1: ReferenceError: $ is not defined
JavaScript error: https://www.betexplorer.com/soccer/italy/serie-a/ line 693 > scriptElement, line 1: ReferenceError: $ is not defined
JavaScript error: https://www.betexplorer.com/soccer/italy/serie-a/ line 693 > scriptElement, line 1: ReferenceError: $ is not defined
JavaScript error: https://www.betexplorer.com/soccer/italy/serie-a/ line 693 > scriptElement, line 1: ReferenceError: $ is not defined
JavaScript error: https://www.betexplorer.com/soccer/italy/serie-a/atalanta-napoli/KjxaG1En/ line 693 > scriptElement, line 1: ReferenceError: $ is not defined
JavaScript error: https://www.betexplorer.com/soccer/italy/serie-a/atalanta-napoli/KjxaG1En/ line 693 > scriptElement, line 1: ReferenceError: $ is not defined
JavaScript error: https://www.betexplorer.com/soccer/italy/serie-a/atalanta-napoli/KjxaG1En/ line 693 > scriptElement, line 1: ReferenceError: $ is not defined
JavaScript error: https://www.betexplorer.com/soccer/italy/serie-a/ line 693 > scriptElement, line 1: ReferenceError: $ is not defined
JavaScript error: https://www.betexplorer.com/soccer/italy/serie-a/ line 693 > scriptElement, line 1: ReferenceError: $ is not defined
JavaScript error: https://www.betexplorer.com/soccer/italy/serie-a/ line 693 > scriptElement, line 1: ReferenceError: $ is not defined
1593462780627	Marionette	INFO	Stopped listening on port 51102

###!!! [Child][RunMessage] Error: Channel closing: too late to send/recv, messages will be lost

